[ 2021-01-16T09:38:20+08:00 ] 127.0.0.1 /logo.png
INFO: [ app_init ] --START--
INFO: Run Behavior\BuildLiteBehavior [ RunTime:0.000000s ]
INFO: [ app_init ] --END-- [ RunTime:0.000000s ]

[ 2021-01-16T09:38:23+08:00 ] 127.0.0.1 /Home/Index/index.html
INFO: [ app_init ] --START--
INFO: Run Behavior\BuildLiteBehavior [ RunTime:0.000000s ]
INFO: [ app_init ] --END-- [ RunTime:0.000000s ]
INFO: [ app_begin ] --START--
INFO: Run Behavior\ReadHtmlCacheBehavior [ RunTime:0.000976s ]
INFO: Run Common\Behavior\CheckLangBehavior [ RunTime:0.000977s ]
INFO: [ app_begin ] --END-- [ RunTime:0.001953s ]
SQL: SHOW COLUMNS FROM `ysk_config` [ RunTime:0.0137s ]
SQL: SELECT `value`,`tip` FROM `ysk_config` WHERE `name` = 'TOGGLE_WEB_SITE' LIMIT 1   [ RunTime:0.0010s ]
SQL: SHOW COLUMNS FROM `ysk_user` [ RunTime:0.0049s ]
SQL: SHOW COLUMNS FROM `ysk_user` [ RunTime:0.0039s ]
SQL: SELECT `status`,`session_id` FROM `ysk_user` WHERE `userid` = 999854 LIMIT 1   [ RunTime:0.0010s ]
SQL: SHOW COLUMNS FROM `ysk_trans` [ RunTime:0.0088s ]
SQL: SELECT `id` FROM `ysk_trans` WHERE `dj_end_time` <= 1610761103 AND `pay_state` = 3 AND `payin_id` = 999854 AND `is_lin` = 0  [ RunTime:0.0049s ]
SQL: SHOW COLUMNS FROM `ysk_paidan_profit` [ RunTime:0.0166s ]
SQL: SELECT `id` FROM `ysk_paidan_profit` WHERE `dj_end_time` <= 1610761103 AND `pay_state` = 1 AND `payin_id` = 999854  [ RunTime:0.0010s ]
SQL: SHOW COLUMNS FROM `ysk_config` [ RunTime:0.0039s ]
SQL: SELECT `value` FROM `ysk_config` WHERE ( name='zidong_sell' ) LIMIT 1   [ RunTime:0.0000s ]
SQL: SELECT `value` FROM `ysk_config` WHERE ( name='zidong_sell_time' ) LIMIT 1   [ RunTime:0.0000s ]
SQL: SHOW COLUMNS FROM `ysk_banner` [ RunTime:0.0225s ]
SQL: SELECT * FROM `ysk_banner` ORDER BY sort  [ RunTime:0.0000s ]
SQL: SELECT `img_head`,`userid`,`account`,`username`,`user_credit`,`releas_time`,`is_reward`,`today_releas`,`quanxian`,`vip_grade`,`activate`,`unlock` FROM `ysk_user` WHERE `userid` = 999854 LIMIT 1   [ RunTime:0.0010s ]
SQL: SHOW COLUMNS FROM `ysk_store` [ RunTime:0.0039s ]
SQL: SELECT `cangku_num`,`fengmi_num`,`dt_jifen`,`active_num`,`paidan`,`red_integral`,`paidan_profit`,`qiangdan_profit` FROM `ysk_store` WHERE `uid` = 999854 LIMIT 1   [ RunTime:0.0000s ]
SQL: SHOW COLUMNS FROM `ysk_config` [ RunTime:0.0049s ]
SQL: SELECT `value` FROM `ysk_config` WHERE `name` = 'false_user' LIMIT 1   [ RunTime:0.0000s ]
SQL: SELECT `value` FROM `ysk_config` WHERE `name` = 'add_user' LIMIT 1   [ RunTime:0.0000s ]
SQL: SELECT * FROM `ysk_config` WHERE `name` = 'min_balance' LIMIT 1   [ RunTime:0.0010s ]
SQL: SELECT `value` FROM `ysk_config` WHERE `name` = 'platform_name' LIMIT 1   [ RunTime:0.0000s ]
SQL: SELECT `total_revenue` FROM `ysk_store` WHERE `uid` = 999854 LIMIT 1   [ RunTime:0.0010s ]
SQL: SHOW COLUMNS FROM `ysk_paidanprofit` [ RunTime:0.0059s ]
SQL: SELECT * FROM `ysk_paidanprofit` WHERE `uid` = 999854 AND `status` = 0 ORDER BY id  [ RunTime:0.0000s ]
SQL: SELECT `is_paidan`,`automatic_paidan_switch` FROM `ysk_user` WHERE ( userid=999854 ) LIMIT 1   [ RunTime:0.0010s ]
SQL: SELECT COUNT(1) AS tp_count FROM `ysk_trans` WHERE `payin_id` = 999854 AND `form` = 2 LIMIT 1   [ RunTime:0.0000s ]
SQL: SELECT `purchase_num` FROM `ysk_trans` WHERE `payin_id` = 999854 AND `form` = 0 ORDER BY id LIMIT 1   [ RunTime:0.0000s ]
NOTIC: [8] Undefined variable: can_get E:\a1002\shop\Home\Controller\IndexController.class.php 第 69 行.
NOTIC: [8] Undefined variable: is_setnums E:\a1002\shop\Home\Controller\IndexController.class.php 第 70 行.
INFO: [ view_parse ] --START--
INFO: [ template_filter ] --START--
INFO: Run Behavior\ContentReplaceBehavior [ RunTime:0.000000s ]
INFO: [ template_filter ] --END-- [ RunTime:0.000000s ]
NOTIC: [8] Undefined index: m E:\a1002\ThinkPHP\Common\functions.php 第 977 行.
NOTIC: [8] Undefined index: m E:\a1002\ThinkPHP\Common\functions.php 第 977 行.
NOTIC: [8] Undefined variable: quanxian E:\a1002\shop\Runtime\Cache\Home\517da85fa85c61e0150f26278cd22254.php 第 81 行.
NOTIC: [2] in_array() expects parameter 2 to be array, null given E:\a1002\shop\Runtime\Cache\Home\517da85fa85c61e0150f26278cd22254.php 第 81 行.
NOTIC: [8] Undefined index: m E:\a1002\ThinkPHP\Common\functions.php 第 977 行.
NOTIC: [8] Undefined index: m E:\a1002\ThinkPHP\Common\functions.php 第 977 行.
NOTIC: [8] Undefined index: m E:\a1002\ThinkPHP\Common\functions.php 第 977 行.
NOTIC: [8] Undefined index: m E:\a1002\ThinkPHP\Common\functions.php 第 977 行.
NOTIC: [8] Undefined index: m E:\a1002\ThinkPHP\Common\functions.php 第 977 行.
NOTIC: [8] Undefined variable: activate E:\a1002\shop\Runtime\Cache\Home\517da85fa85c61e0150f26278cd22254.php 第 126 行.
NOTIC: [2] in_array() expects parameter 2 to be array, null given E:\a1002\shop\Runtime\Cache\Home\517da85fa85c61e0150f26278cd22254.php 第 126 行.
NOTIC: [8] Undefined index: m E:\a1002\ThinkPHP\Common\functions.php 第 977 行.
NOTIC: [8] Undefined variable: quanxian E:\a1002\shop\Runtime\Cache\Home\517da85fa85c61e0150f26278cd22254.php 第 134 行.
NOTIC: [2] in_array() expects parameter 2 to be array, null given E:\a1002\shop\Runtime\Cache\Home\517da85fa85c61e0150f26278cd22254.php 第 134 行.
NOTIC: [8] Undefined index: m E:\a1002\ThinkPHP\Common\functions.php 第 977 行.
NOTIC: [8] Undefined variable: quanxian E:\a1002\shop\Runtime\Cache\Home\517da85fa85c61e0150f26278cd22254.php 第 142 行.
NOTIC: [2] in_array() expects parameter 2 to be array, null given E:\a1002\shop\Runtime\Cache\Home\517da85fa85c61e0150f26278cd22254.php 第 142 行.
NOTIC: [8] Undefined index: m E:\a1002\ThinkPHP\Common\functions.php 第 977 行.
NOTIC: [8] Undefined variable: quanxian E:\a1002\shop\Runtime\Cache\Home\517da85fa85c61e0150f26278cd22254.php 第 150 行.
NOTIC: [2] in_array() expects parameter 2 to be array, null given E:\a1002\shop\Runtime\Cache\Home\517da85fa85c61e0150f26278cd22254.php 第 150 行.
NOTIC: [8] Undefined index: m E:\a1002\ThinkPHP\Common\functions.php 第 977 行.
NOTIC: [8] Undefined index: m E:\a1002\ThinkPHP\Common\functions.php 第 977 行.
NOTIC: [8] Undefined index: m E:\a1002\ThinkPHP\Common\functions.php 第 977 行.
NOTIC: [8] Undefined index: m E:\a1002\ThinkPHP\Common\functions.php 第 977 行.
INFO: Run Behavior\ParseTemplateBehavior [ RunTime:0.007812s ]
INFO: [ view_parse ] --END-- [ RunTime:0.007812s ]
INFO: [ view_filter ] --START--
INFO: Run Behavior\WriteHtmlCacheBehavior [ RunTime:0.000977s ]
INFO: [ view_filter ] --END-- [ RunTime:0.000977s ]
INFO: [ app_end ] --START--
INFO: Run Behavior\ShowPageTraceBehavior [ RunTime:0.000976s ]
INFO: [ app_end ] --END-- [ RunTime:0.000976s ]

[ 2021-01-16T09:38:23+08:00 ] 127.0.0.1 /favicon.ico
INFO: [ app_init ] --START--
INFO: Run Behavior\BuildLiteBehavior [ RunTime:0.000000s ]
INFO: [ app_init ] --END-- [ RunTime:0.000000s ]

[ 2021-01-16T14:20:57+08:00 ] 127.0.0.1 /logo.png
INFO: [ app_init ] --START--
INFO: Run Behavior\BuildLiteBehavior [ RunTime:0.000000s ]
INFO: [ app_init ] --END-- [ RunTime:0.000000s ]

[ 2021-01-16T14:21:00+08:00 ] 127.0.0.1 /Home/Index/index.html
INFO: [ app_init ] --START--
INFO: Run Behavior\BuildLiteBehavior [ RunTime:0.000000s ]
INFO: [ app_init ] --END-- [ RunTime:0.000000s ]
INFO: [ app_begin ] --START--
INFO: Run Behavior\ReadHtmlCacheBehavior [ RunTime:0.000977s ]
INFO: Run Common\Behavior\CheckLangBehavior [ RunTime:0.000976s ]
INFO: [ app_begin ] --END-- [ RunTime:0.001953s ]
SQL: SHOW COLUMNS FROM `ysk_config` [ RunTime:0.0078s ]
SQL: SELECT `value`,`tip` FROM `ysk_config` WHERE `name` = 'TOGGLE_WEB_SITE' LIMIT 1   [ RunTime:0.0010s ]
SQL: SHOW COLUMNS FROM `ysk_user` [ RunTime:0.0059s ]
SQL: SHOW COLUMNS FROM `ysk_user` [ RunTime:0.0039s ]
SQL: SELECT `status`,`session_id` FROM `ysk_user` WHERE `userid` = 999854 LIMIT 1   [ RunTime:0.0010s ]
SQL: SHOW COLUMNS FROM `ysk_trans` [ RunTime:0.0059s ]
SQL: SELECT `id` FROM `ysk_trans` WHERE `dj_end_time` <= 1610778060 AND `pay_state` = 3 AND `payin_id` = 999854 AND `is_lin` = 0  [ RunTime:0.0020s ]
SQL: SHOW COLUMNS FROM `ysk_paidan_profit` [ RunTime:0.0059s ]
SQL: SELECT `id` FROM `ysk_paidan_profit` WHERE `dj_end_time` <= 1610778060 AND `pay_state` = 1 AND `payin_id` = 999854  [ RunTime:0.0000s ]
SQL: SHOW COLUMNS FROM `ysk_config` [ RunTime:0.0029s ]
SQL: SELECT `value` FROM `ysk_config` WHERE ( name='zidong_sell' ) LIMIT 1   [ RunTime:0.0010s ]
SQL: SELECT `value` FROM `ysk_config` WHERE ( name='zidong_sell_time' ) LIMIT 1   [ RunTime:0.0000s ]
SQL: SHOW COLUMNS FROM `ysk_banner` [ RunTime:0.0264s ]
SQL: SELECT * FROM `ysk_banner` ORDER BY sort  [ RunTime:0.0000s ]
SQL: SELECT `img_head`,`userid`,`account`,`username`,`user_credit`,`releas_time`,`is_reward`,`today_releas`,`quanxian`,`vip_grade`,`activate`,`unlock` FROM `ysk_user` WHERE `userid` = 999854 LIMIT 1   [ RunTime:0.0000s ]
SQL: SHOW COLUMNS FROM `ysk_store` [ RunTime:0.0039s ]
SQL: SELECT `cangku_num`,`fengmi_num`,`dt_jifen`,`active_num`,`paidan`,`red_integral`,`paidan_profit`,`qiangdan_profit` FROM `ysk_store` WHERE `uid` = 999854 LIMIT 1   [ RunTime:0.0010s ]
SQL: SHOW COLUMNS FROM `ysk_config` [ RunTime:0.0039s ]
SQL: SELECT `value` FROM `ysk_config` WHERE `name` = 'false_user' LIMIT 1   [ RunTime:0.0000s ]
SQL: SELECT `value` FROM `ysk_config` WHERE `name` = 'add_user' LIMIT 1   [ RunTime:0.0000s ]
SQL: SELECT * FROM `ysk_config` WHERE `name` = 'min_balance' LIMIT 1   [ RunTime:0.0000s ]
SQL: SELECT `value` FROM `ysk_config` WHERE `name` = 'platform_name' LIMIT 1   [ RunTime:0.0000s ]
SQL: SELECT `total_revenue` FROM `ysk_store` WHERE `uid` = 999854 LIMIT 1   [ RunTime:0.0000s ]
SQL: SHOW COLUMNS FROM `ysk_paidanprofit` [ RunTime:0.0039s ]
SQL: SELECT * FROM `ysk_paidanprofit` WHERE `uid` = 999854 AND `status` = 0 ORDER BY id  [ RunTime:0.0010s ]
SQL: SELECT `is_paidan`,`automatic_paidan_switch` FROM `ysk_user` WHERE ( userid=999854 ) LIMIT 1   [ RunTime:0.0000s ]
SQL: SELECT COUNT(1) AS tp_count FROM `ysk_trans` WHERE `payin_id` = 999854 AND `form` = 2 LIMIT 1   [ RunTime:0.0000s ]
SQL: SELECT `purchase_num` FROM `ysk_trans` WHERE `payin_id` = 999854 AND `form` = 0 ORDER BY id LIMIT 1   [ RunTime:0.0010s ]
NOTIC: [8] Undefined variable: can_get E:\a1002\shop\Home\Controller\IndexController.class.php 第 69 行.
NOTIC: [8] Undefined variable: is_setnums E:\a1002\shop\Home\Controller\IndexController.class.php 第 70 行.
INFO: [ view_parse ] --START--
INFO: [ template_filter ] --START--
INFO: Run Behavior\ContentReplaceBehavior [ RunTime:0.000000s ]
INFO: [ template_filter ] --END-- [ RunTime:0.000000s ]
NOTIC: [8] Undefined index: m E:\a1002\ThinkPHP\Common\functions.php 第 977 行.
NOTIC: [8] Undefined index: m E:\a1002\ThinkPHP\Common\functions.php 第 977 行.
NOTIC: [8] Undefined variable: quanxian E:\a1002\shop\Runtime\Cache\Home\517da85fa85c61e0150f26278cd22254.php 第 81 行.
NOTIC: [2] in_array() expects parameter 2 to be array, null given E:\a1002\shop\Runtime\Cache\Home\517da85fa85c61e0150f26278cd22254.php 第 81 行.
NOTIC: [8] Undefined index: m E:\a1002\ThinkPHP\Common\functions.php 第 977 行.
NOTIC: [8] Undefined index: m E:\a1002\ThinkPHP\Common\functions.php 第 977 行.
NOTIC: [8] Undefined index: m E:\a1002\ThinkPHP\Common\functions.php 第 977 行.
NOTIC: [8] Undefined index: m E:\a1002\ThinkPHP\Common\functions.php 第 977 行.
NOTIC: [8] Undefined index: m E:\a1002\ThinkPHP\Common\functions.php 第 977 行.
NOTIC: [8] Undefined variable: activate E:\a1002\shop\Runtime\Cache\Home\517da85fa85c61e0150f26278cd22254.php 第 126 行.
NOTIC: [2] in_array() expects parameter 2 to be array, null given E:\a1002\shop\Runtime\Cache\Home\517da85fa85c61e0150f26278cd22254.php 第 126 行.
NOTIC: [8] Undefined index: m E:\a1002\ThinkPHP\Common\functions.php 第 977 行.
NOTIC: [8] Undefined variable: quanxian E:\a1002\shop\Runtime\Cache\Home\517da85fa85c61e0150f26278cd22254.php 第 134 行.
NOTIC: [2] in_array() expects parameter 2 to be array, null given E:\a1002\shop\Runtime\Cache\Home\517da85fa85c61e0150f26278cd22254.php 第 134 行.
NOTIC: [8] Undefined index: m E:\a1002\ThinkPHP\Common\functions.php 第 977 行.
NOTIC: [8] Undefined variable: quanxian E:\a1002\shop\Runtime\Cache\Home\517da85fa85c61e0150f26278cd22254.php 第 142 行.
NOTIC: [2] in_array() expects parameter 2 to be array, null given E:\a1002\shop\Runtime\Cache\Home\517da85fa85c61e0150f26278cd22254.php 第 142 行.
NOTIC: [8] Undefined index: m E:\a1002\ThinkPHP\Common\functions.php 第 977 行.
NOTIC: [8] Undefined variable: quanxian E:\a1002\shop\Runtime\Cache\Home\517da85fa85c61e0150f26278cd22254.php 第 150 行.
NOTIC: [2] in_array() expects parameter 2 to be array, null given E:\a1002\shop\Runtime\Cache\Home\517da85fa85c61e0150f26278cd22254.php 第 150 行.
NOTIC: [8] Undefined index: m E:\a1002\ThinkPHP\Common\functions.php 第 977 行.
NOTIC: [8] Undefined index: m E:\a1002\ThinkPHP\Common\functions.php 第 977 行.
NOTIC: [8] Undefined index: m E:\a1002\ThinkPHP\Common\functions.php 第 977 行.
NOTIC: [8] Undefined index: m E:\a1002\ThinkPHP\Common\functions.php 第 977 行.
INFO: Run Behavior\ParseTemplateBehavior [ RunTime:0.011718s ]
INFO: [ view_parse ] --END-- [ RunTime:0.011718s ]
INFO: [ view_filter ] --START--
INFO: Run Behavior\WriteHtmlCacheBehavior [ RunTime:0.000000s ]
INFO: [ view_filter ] --END-- [ RunTime:0.000000s ]
INFO: [ app_end ] --START--
INFO: Run Behavior\ShowPageTraceBehavior [ RunTime:0.000977s ]
INFO: [ app_end ] --END-- [ RunTime:0.000977s ]

[ 2021-01-16T14:21:01+08:00 ] 127.0.0.1 /favicon.ico
INFO: [ app_init ] --START--
INFO: Run Behavior\BuildLiteBehavior [ RunTime:0.000000s ]
INFO: [ app_init ] --END-- [ RunTime:0.000000s ]

