[ 2021-01-19T09:33:35+08:00 ] 127.0.0.1 /logo.png
INFO: [ app_init ] --START--
INFO: Run Behavior\BuildLiteBehavior [ RunTime:0.000000s ]
INFO: [ app_init ] --END-- [ RunTime:0.000977s ]

[ 2021-01-19T09:33:38+08:00 ] 127.0.0.1 /Home/Index/index.html
INFO: [ app_init ] --START--
INFO: Run Behavior\BuildLiteBehavior [ RunTime:0.000000s ]
INFO: [ app_init ] --END-- [ RunTime:0.000000s ]
INFO: [ app_begin ] --START--
INFO: Run Behavior\ReadHtmlCacheBehavior [ RunTime:0.000976s ]
INFO: Run Common\Behavior\CheckLangBehavior [ RunTime:0.000977s ]
INFO: [ app_begin ] --END-- [ RunTime:0.002929s ]
SQL: SHOW COLUMNS FROM `ysk_config` [ RunTime:0.0313s ]
SQL: SELECT `value`,`tip` FROM `ysk_config` WHERE `name` = 'TOGGLE_WEB_SITE' LIMIT 1   [ RunTime:0.0117s ]
SQL: SHOW COLUMNS FROM `ysk_user` [ RunTime:0.0078s ]
SQL: SHOW COLUMNS FROM `ysk_user` [ RunTime:0.0039s ]
SQL: SELECT `status`,`session_id` FROM `ysk_user` WHERE `userid` = 999854 LIMIT 1   [ RunTime:0.0010s ]
SQL: SHOW COLUMNS FROM `ysk_trans` [ RunTime:0.0059s ]
SQL: SELECT `id` FROM `ysk_trans` WHERE `dj_end_time` <= 1611020018 AND `pay_state` = 3 AND `payin_id` = 999854 AND `is_lin` = 0  [ RunTime:0.0010s ]
SQL: SHOW COLUMNS FROM `ysk_paidan_profit` [ RunTime:0.0254s ]
SQL: SELECT `id` FROM `ysk_paidan_profit` WHERE `dj_end_time` <= 1611020018 AND `pay_state` = 1 AND `payin_id` = 999854  [ RunTime:0.0000s ]
SQL: SHOW COLUMNS FROM `ysk_config` [ RunTime:0.0039s ]
SQL: SELECT `value` FROM `ysk_config` WHERE ( name='zidong_sell' ) LIMIT 1   [ RunTime:0.0000s ]
SQL: SELECT `value` FROM `ysk_config` WHERE ( name='zidong_sell_time' ) LIMIT 1   [ RunTime:0.0000s ]
SQL: SHOW COLUMNS FROM `ysk_banner` [ RunTime:0.0234s ]
SQL: SELECT * FROM `ysk_banner` ORDER BY sort  [ RunTime:0.0010s ]
SQL: SELECT `img_head`,`userid`,`account`,`username`,`user_credit`,`releas_time`,`is_reward`,`today_releas`,`quanxian`,`vip_grade`,`activate`,`unlock` FROM `ysk_user` WHERE `userid` = 999854 LIMIT 1   [ RunTime:0.0000s ]
SQL: SHOW COLUMNS FROM `ysk_store` [ RunTime:0.0049s ]
SQL: SELECT `cangku_num`,`fengmi_num`,`dt_jifen`,`active_num`,`paidan`,`red_integral`,`paidan_profit`,`qiangdan_profit` FROM `ysk_store` WHERE `uid` = 999854 LIMIT 1   [ RunTime:0.0000s ]
SQL: SHOW COLUMNS FROM `ysk_config` [ RunTime:0.0039s ]
SQL: SELECT `value` FROM `ysk_config` WHERE `name` = 'false_user' LIMIT 1   [ RunTime:0.0000s ]
SQL: SELECT `value` FROM `ysk_config` WHERE `name` = 'add_user' LIMIT 1   [ RunTime:0.0000s ]
SQL: SELECT * FROM `ysk_config` WHERE `name` = 'min_balance' LIMIT 1   [ RunTime:0.0010s ]
SQL: SELECT `value` FROM `ysk_config` WHERE `name` = 'platform_name' LIMIT 1   [ RunTime:0.0000s ]
SQL: SELECT `total_revenue` FROM `ysk_store` WHERE `uid` = 999854 LIMIT 1   [ RunTime:0.0000s ]
SQL: SHOW COLUMNS FROM `ysk_paidanprofit` [ RunTime:0.0049s ]
SQL: SELECT * FROM `ysk_paidanprofit` WHERE `uid` = 999854 AND `status` = 0 ORDER BY id  [ RunTime:0.0000s ]
SQL: SELECT `is_paidan`,`automatic_paidan_switch` FROM `ysk_user` WHERE ( userid=999854 ) LIMIT 1   [ RunTime:0.0010s ]
SQL: SELECT COUNT(1) AS tp_count FROM `ysk_trans` WHERE `payin_id` = 999854 AND `form` = 2 LIMIT 1   [ RunTime:0.0000s ]
SQL: SELECT `purchase_num` FROM `ysk_trans` WHERE `payin_id` = 999854 AND `form` = 0 ORDER BY id LIMIT 1   [ RunTime:0.0010s ]
NOTIC: [8] Undefined variable: can_get E:\a1002\shop\Home\Controller\IndexController.class.php 第 69 行.
NOTIC: [8] Undefined variable: is_setnums E:\a1002\shop\Home\Controller\IndexController.class.php 第 70 行.
INFO: [ view_parse ] --START--
INFO: [ template_filter ] --START--
INFO: Run Behavior\ContentReplaceBehavior [ RunTime:0.000000s ]
INFO: [ template_filter ] --END-- [ RunTime:0.000000s ]
NOTIC: [8] Undefined index: m E:\a1002\ThinkPHP\Common\functions.php 第 977 行.
NOTIC: [8] Undefined index: m E:\a1002\ThinkPHP\Common\functions.php 第 977 行.
NOTIC: [8] Undefined variable: quanxian E:\a1002\shop\Runtime\Cache\Home\517da85fa85c61e0150f26278cd22254.php 第 81 行.
NOTIC: [2] in_array() expects parameter 2 to be array, null given E:\a1002\shop\Runtime\Cache\Home\517da85fa85c61e0150f26278cd22254.php 第 81 行.
NOTIC: [8] Undefined index: m E:\a1002\ThinkPHP\Common\functions.php 第 977 行.
NOTIC: [8] Undefined index: m E:\a1002\ThinkPHP\Common\functions.php 第 977 行.
NOTIC: [8] Undefined index: m E:\a1002\ThinkPHP\Common\functions.php 第 977 行.
NOTIC: [8] Undefined index: m E:\a1002\ThinkPHP\Common\functions.php 第 977 行.
NOTIC: [8] Undefined index: m E:\a1002\ThinkPHP\Common\functions.php 第 977 行.
NOTIC: [8] Undefined variable: activate E:\a1002\shop\Runtime\Cache\Home\517da85fa85c61e0150f26278cd22254.php 第 126 行.
NOTIC: [2] in_array() expects parameter 2 to be array, null given E:\a1002\shop\Runtime\Cache\Home\517da85fa85c61e0150f26278cd22254.php 第 126 行.
NOTIC: [8] Undefined index: m E:\a1002\ThinkPHP\Common\functions.php 第 977 行.
NOTIC: [8] Undefined variable: quanxian E:\a1002\shop\Runtime\Cache\Home\517da85fa85c61e0150f26278cd22254.php 第 134 行.
NOTIC: [2] in_array() expects parameter 2 to be array, null given E:\a1002\shop\Runtime\Cache\Home\517da85fa85c61e0150f26278cd22254.php 第 134 行.
NOTIC: [8] Undefined index: m E:\a1002\ThinkPHP\Common\functions.php 第 977 行.
NOTIC: [8] Undefined variable: quanxian E:\a1002\shop\Runtime\Cache\Home\517da85fa85c61e0150f26278cd22254.php 第 142 行.
NOTIC: [2] in_array() expects parameter 2 to be array, null given E:\a1002\shop\Runtime\Cache\Home\517da85fa85c61e0150f26278cd22254.php 第 142 行.
NOTIC: [8] Undefined index: m E:\a1002\ThinkPHP\Common\functions.php 第 977 行.
NOTIC: [8] Undefined variable: quanxian E:\a1002\shop\Runtime\Cache\Home\517da85fa85c61e0150f26278cd22254.php 第 150 行.
NOTIC: [2] in_array() expects parameter 2 to be array, null given E:\a1002\shop\Runtime\Cache\Home\517da85fa85c61e0150f26278cd22254.php 第 150 行.
NOTIC: [8] Undefined index: m E:\a1002\ThinkPHP\Common\functions.php 第 977 行.
NOTIC: [8] Undefined index: m E:\a1002\ThinkPHP\Common\functions.php 第 977 行.
NOTIC: [8] Undefined index: m E:\a1002\ThinkPHP\Common\functions.php 第 977 行.
NOTIC: [8] Undefined index: m E:\a1002\ThinkPHP\Common\functions.php 第 977 行.
INFO: Run Behavior\ParseTemplateBehavior [ RunTime:0.010743s ]
INFO: [ view_parse ] --END-- [ RunTime:0.010743s ]
INFO: [ view_filter ] --START--
INFO: Run Behavior\WriteHtmlCacheBehavior [ RunTime:0.000000s ]
INFO: [ view_filter ] --END-- [ RunTime:0.000000s ]
INFO: [ app_end ] --START--
INFO: Run Behavior\ShowPageTraceBehavior [ RunTime:0.000976s ]
INFO: [ app_end ] --END-- [ RunTime:0.000976s ]

[ 2021-01-19T09:33:38+08:00 ] 127.0.0.1 /favicon.ico
INFO: [ app_init ] --START--
INFO: Run Behavior\BuildLiteBehavior [ RunTime:0.000000s ]
INFO: [ app_init ] --END-- [ RunTime:0.000000s ]

[ 2021-01-19T09:33:41+08:00 ] 127.0.0.1 /User/Personal.html
INFO: [ app_init ] --START--
INFO: Run Behavior\BuildLiteBehavior [ RunTime:0.000000s ]
INFO: [ app_init ] --END-- [ RunTime:0.000000s ]
INFO: [ app_begin ] --START--
INFO: Run Behavior\ReadHtmlCacheBehavior [ RunTime:0.000000s ]
INFO: Run Common\Behavior\CheckLangBehavior [ RunTime:0.000976s ]
INFO: [ app_begin ] --END-- [ RunTime:0.000976s ]
SQL: SHOW COLUMNS FROM `ysk_config` [ RunTime:0.0039s ]
SQL: SELECT `value`,`tip` FROM `ysk_config` WHERE `name` = 'TOGGLE_WEB_SITE' LIMIT 1   [ RunTime:0.0010s ]
SQL: SHOW COLUMNS FROM `ysk_user` [ RunTime:0.0039s ]
SQL: SHOW COLUMNS FROM `ysk_user` [ RunTime:0.0039s ]
SQL: SELECT `status`,`session_id` FROM `ysk_user` WHERE `userid` = 999854 LIMIT 1   [ RunTime:0.0010s ]
SQL: SHOW COLUMNS FROM `ysk_trans` [ RunTime:0.0049s ]
SQL: SELECT `id` FROM `ysk_trans` WHERE `dj_end_time` <= 1611020021 AND `pay_state` = 3 AND `payin_id` = 999854 AND `is_lin` = 0  [ RunTime:0.0000s ]
SQL: SHOW COLUMNS FROM `ysk_paidan_profit` [ RunTime:0.0039s ]
SQL: SELECT `id` FROM `ysk_paidan_profit` WHERE `dj_end_time` <= 1611020021 AND `pay_state` = 1 AND `payin_id` = 999854  [ RunTime:0.0000s ]
SQL: SHOW COLUMNS FROM `ysk_config` [ RunTime:0.0029s ]
SQL: SELECT `value` FROM `ysk_config` WHERE ( name='zidong_sell' ) LIMIT 1   [ RunTime:0.0010s ]
SQL: SELECT `value` FROM `ysk_config` WHERE ( name='zidong_sell_time' ) LIMIT 1   [ RunTime:0.0000s ]
SQL: SELECT `username`,`is_dailishang`,`userid`,`account`,`img_head`,`use_grade`,`user_credit`,`vip_grade`,`unlock` FROM `ysk_user` WHERE `userid` = 999854 LIMIT 1   [ RunTime:0.0000s ]
INFO: [ view_parse ] --START--
INFO: [ template_filter ] --START--
INFO: Run Behavior\ContentReplaceBehavior [ RunTime:0.000000s ]
INFO: [ template_filter ] --END-- [ RunTime:0.000000s ]
NOTIC: [8] Undefined index: m E:\a1002\ThinkPHP\Common\functions.php 第 977 行.
NOTIC: [8] Undefined index: m E:\a1002\ThinkPHP\Common\functions.php 第 977 行.
NOTIC: [8] Undefined index: m E:\a1002\ThinkPHP\Common\functions.php 第 977 行.
NOTIC: [8] Undefined index: m E:\a1002\ThinkPHP\Common\functions.php 第 977 行.
NOTIC: [8] Undefined index: m E:\a1002\ThinkPHP\Common\functions.php 第 977 行.
NOTIC: [8] Undefined index: m E:\a1002\ThinkPHP\Common\functions.php 第 977 行.
NOTIC: [8] Undefined index: m E:\a1002\ThinkPHP\Common\functions.php 第 977 行.
NOTIC: [8] Undefined index: m E:\a1002\ThinkPHP\Common\functions.php 第 977 行.
NOTIC: [8] Undefined index: m E:\a1002\ThinkPHP\Common\functions.php 第 977 行.
NOTIC: [8] Undefined index: m E:\a1002\ThinkPHP\Common\functions.php 第 977 行.
NOTIC: [8] Undefined index: m E:\a1002\ThinkPHP\Common\functions.php 第 977 行.
NOTIC: [8] Undefined index: m E:\a1002\ThinkPHP\Common\functions.php 第 977 行.
NOTIC: [8] Undefined index: m E:\a1002\ThinkPHP\Common\functions.php 第 977 行.
NOTIC: [8] Undefined index: m E:\a1002\ThinkPHP\Common\functions.php 第 977 行.
NOTIC: [8] Undefined index: m E:\a1002\ThinkPHP\Common\functions.php 第 977 行.
NOTIC: [8] Undefined index: m E:\a1002\ThinkPHP\Common\functions.php 第 977 行.
NOTIC: [8] Undefined index: m E:\a1002\ThinkPHP\Common\functions.php 第 977 行.
NOTIC: [8] Undefined index: m E:\a1002\ThinkPHP\Common\functions.php 第 977 行.
NOTIC: [8] Undefined index: m E:\a1002\ThinkPHP\Common\functions.php 第 977 行.
NOTIC: [8] Undefined index: m E:\a1002\ThinkPHP\Common\functions.php 第 977 行.
NOTIC: [8] Undefined index: m E:\a1002\ThinkPHP\Common\functions.php 第 977 行.
NOTIC: [8] Undefined index: m E:\a1002\ThinkPHP\Common\functions.php 第 977 行.
NOTIC: [8] Undefined index: m E:\a1002\ThinkPHP\Common\functions.php 第 977 行.
INFO: Run Behavior\ParseTemplateBehavior [ RunTime:0.059571s ]
INFO: [ view_parse ] --END-- [ RunTime:0.059571s ]
INFO: [ view_filter ] --START--
INFO: Run Behavior\WriteHtmlCacheBehavior [ RunTime:0.000976s ]
INFO: [ view_filter ] --END-- [ RunTime:0.000976s ]
INFO: [ app_end ] --START--
INFO: Run Behavior\ShowPageTraceBehavior [ RunTime:0.000000s ]
INFO: [ app_end ] --END-- [ RunTime:0.000000s ]

[ 2021-01-19T09:33:42+08:00 ] 127.0.0.1 /Public/home/wap/jsa/jquery.min.map
INFO: [ app_init ] --START--
INFO: Run Behavior\BuildLiteBehavior [ RunTime:0.000000s ]
INFO: [ app_init ] --END-- [ RunTime:0.000000s ]
INFO: [ app_begin ] --START--
INFO: Run Behavior\ReadHtmlCacheBehavior [ RunTime:0.000976s ]
INFO: Run Common\Behavior\CheckLangBehavior [ RunTime:0.000977s ]
INFO: [ app_begin ] --END-- [ RunTime:0.001953s ]
ERR: 无法加载控制器:Public

[ 2021-01-19T09:33:43+08:00 ] 127.0.0.1 /Index/index.html
INFO: [ app_init ] --START--
INFO: Run Behavior\BuildLiteBehavior [ RunTime:0.000000s ]
INFO: [ app_init ] --END-- [ RunTime:0.000000s ]
INFO: [ app_begin ] --START--
INFO: Run Behavior\ReadHtmlCacheBehavior [ RunTime:0.000976s ]
INFO: Run Common\Behavior\CheckLangBehavior [ RunTime:0.001953s ]
INFO: [ app_begin ] --END-- [ RunTime:0.002929s ]
SQL: SHOW COLUMNS FROM `ysk_config` [ RunTime:0.0059s ]
SQL: SELECT `value`,`tip` FROM `ysk_config` WHERE `name` = 'TOGGLE_WEB_SITE' LIMIT 1   [ RunTime:0.0010s ]
SQL: SHOW COLUMNS FROM `ysk_user` [ RunTime:0.0049s ]
SQL: SHOW COLUMNS FROM `ysk_user` [ RunTime:0.0059s ]
SQL: SELECT `status`,`session_id` FROM `ysk_user` WHERE `userid` = 999854 LIMIT 1   [ RunTime:0.0010s ]
SQL: SHOW COLUMNS FROM `ysk_trans` [ RunTime:0.0049s ]
SQL: SELECT `id` FROM `ysk_trans` WHERE `dj_end_time` <= 1611020023 AND `pay_state` = 3 AND `payin_id` = 999854 AND `is_lin` = 0  [ RunTime:0.0000s ]
SQL: SHOW COLUMNS FROM `ysk_paidan_profit` [ RunTime:0.0039s ]
SQL: SELECT `id` FROM `ysk_paidan_profit` WHERE `dj_end_time` <= 1611020023 AND `pay_state` = 1 AND `payin_id` = 999854  [ RunTime:0.0000s ]
SQL: SHOW COLUMNS FROM `ysk_config` [ RunTime:0.0107s ]
SQL: SELECT `value` FROM `ysk_config` WHERE ( name='zidong_sell' ) LIMIT 1   [ RunTime:0.0010s ]
SQL: SELECT `value` FROM `ysk_config` WHERE ( name='zidong_sell_time' ) LIMIT 1   [ RunTime:0.0000s ]
SQL: SHOW COLUMNS FROM `ysk_banner` [ RunTime:0.0029s ]
SQL: SELECT * FROM `ysk_banner` ORDER BY sort  [ RunTime:0.0010s ]
SQL: SELECT `img_head`,`userid`,`account`,`username`,`user_credit`,`releas_time`,`is_reward`,`today_releas`,`quanxian`,`vip_grade`,`activate`,`unlock` FROM `ysk_user` WHERE `userid` = 999854 LIMIT 1   [ RunTime:0.0010s ]
SQL: SHOW COLUMNS FROM `ysk_store` [ RunTime:0.0049s ]
SQL: SELECT `cangku_num`,`fengmi_num`,`dt_jifen`,`active_num`,`paidan`,`red_integral`,`paidan_profit`,`qiangdan_profit` FROM `ysk_store` WHERE `uid` = 999854 LIMIT 1   [ RunTime:0.0010s ]
SQL: SHOW COLUMNS FROM `ysk_config` [ RunTime:0.0049s ]
SQL: SELECT `value` FROM `ysk_config` WHERE `name` = 'false_user' LIMIT 1   [ RunTime:0.0000s ]
SQL: SELECT `value` FROM `ysk_config` WHERE `name` = 'add_user' LIMIT 1   [ RunTime:0.0000s ]
SQL: SELECT * FROM `ysk_config` WHERE `name` = 'min_balance' LIMIT 1   [ RunTime:0.0000s ]
SQL: SELECT `value` FROM `ysk_config` WHERE `name` = 'platform_name' LIMIT 1   [ RunTime:0.0010s ]
SQL: SELECT `total_revenue` FROM `ysk_store` WHERE `uid` = 999854 LIMIT 1   [ RunTime:0.0000s ]
SQL: SHOW COLUMNS FROM `ysk_paidanprofit` [ RunTime:0.0039s ]
SQL: SELECT * FROM `ysk_paidanprofit` WHERE `uid` = 999854 AND `status` = 0 ORDER BY id  [ RunTime:0.0000s ]
SQL: SELECT `is_paidan`,`automatic_paidan_switch` FROM `ysk_user` WHERE ( userid=999854 ) LIMIT 1   [ RunTime:0.0010s ]
SQL: SELECT COUNT(1) AS tp_count FROM `ysk_trans` WHERE `payin_id` = 999854 AND `form` = 2 LIMIT 1   [ RunTime:0.0000s ]
SQL: SELECT `purchase_num` FROM `ysk_trans` WHERE `payin_id` = 999854 AND `form` = 0 ORDER BY id LIMIT 1   [ RunTime:0.0000s ]
NOTIC: [8] Undefined variable: can_get E:\a1002\shop\Home\Controller\IndexController.class.php 第 69 行.
NOTIC: [8] Undefined variable: is_setnums E:\a1002\shop\Home\Controller\IndexController.class.php 第 70 行.
INFO: [ view_parse ] --START--
INFO: [ template_filter ] --START--
INFO: Run Behavior\ContentReplaceBehavior [ RunTime:0.000000s ]
INFO: [ template_filter ] --END-- [ RunTime:0.000000s ]
NOTIC: [8] Undefined index: m E:\a1002\ThinkPHP\Common\functions.php 第 977 行.
NOTIC: [8] Undefined index: m E:\a1002\ThinkPHP\Common\functions.php 第 977 行.
NOTIC: [8] Undefined variable: quanxian E:\a1002\shop\Runtime\Cache\Home\517da85fa85c61e0150f26278cd22254.php 第 81 行.
NOTIC: [2] in_array() expects parameter 2 to be array, null given E:\a1002\shop\Runtime\Cache\Home\517da85fa85c61e0150f26278cd22254.php 第 81 行.
NOTIC: [8] Undefined index: m E:\a1002\ThinkPHP\Common\functions.php 第 977 行.
NOTIC: [8] Undefined index: m E:\a1002\ThinkPHP\Common\functions.php 第 977 行.
NOTIC: [8] Undefined index: m E:\a1002\ThinkPHP\Common\functions.php 第 977 行.
NOTIC: [8] Undefined index: m E:\a1002\ThinkPHP\Common\functions.php 第 977 行.
NOTIC: [8] Undefined index: m E:\a1002\ThinkPHP\Common\functions.php 第 977 行.
NOTIC: [8] Undefined variable: activate E:\a1002\shop\Runtime\Cache\Home\517da85fa85c61e0150f26278cd22254.php 第 126 行.
NOTIC: [2] in_array() expects parameter 2 to be array, null given E:\a1002\shop\Runtime\Cache\Home\517da85fa85c61e0150f26278cd22254.php 第 126 行.
NOTIC: [8] Undefined index: m E:\a1002\ThinkPHP\Common\functions.php 第 977 行.
NOTIC: [8] Undefined variable: quanxian E:\a1002\shop\Runtime\Cache\Home\517da85fa85c61e0150f26278cd22254.php 第 134 行.
NOTIC: [2] in_array() expects parameter 2 to be array, null given E:\a1002\shop\Runtime\Cache\Home\517da85fa85c61e0150f26278cd22254.php 第 134 行.
NOTIC: [8] Undefined index: m E:\a1002\ThinkPHP\Common\functions.php 第 977 行.
NOTIC: [8] Undefined variable: quanxian E:\a1002\shop\Runtime\Cache\Home\517da85fa85c61e0150f26278cd22254.php 第 142 行.
NOTIC: [2] in_array() expects parameter 2 to be array, null given E:\a1002\shop\Runtime\Cache\Home\517da85fa85c61e0150f26278cd22254.php 第 142 行.
NOTIC: [8] Undefined index: m E:\a1002\ThinkPHP\Common\functions.php 第 977 行.
NOTIC: [8] Undefined variable: quanxian E:\a1002\shop\Runtime\Cache\Home\517da85fa85c61e0150f26278cd22254.php 第 150 行.
NOTIC: [2] in_array() expects parameter 2 to be array, null given E:\a1002\shop\Runtime\Cache\Home\517da85fa85c61e0150f26278cd22254.php 第 150 行.
NOTIC: [8] Undefined index: m E:\a1002\ThinkPHP\Common\functions.php 第 977 行.
NOTIC: [8] Undefined index: m E:\a1002\ThinkPHP\Common\functions.php 第 977 行.
NOTIC: [8] Undefined index: m E:\a1002\ThinkPHP\Common\functions.php 第 977 行.
NOTIC: [8] Undefined index: m E:\a1002\ThinkPHP\Common\functions.php 第 977 行.
INFO: Run Behavior\ParseTemplateBehavior [ RunTime:0.009765s ]
INFO: [ view_parse ] --END-- [ RunTime:0.009765s ]
INFO: [ view_filter ] --START--
INFO: Run Behavior\WriteHtmlCacheBehavior [ RunTime:0.000000s ]
INFO: [ view_filter ] --END-- [ RunTime:0.000000s ]
INFO: [ app_end ] --START--
INFO: Run Behavior\ShowPageTraceBehavior [ RunTime:0.000977s ]
INFO: [ app_end ] --END-- [ RunTime:0.000977s ]

[ 2021-01-19T09:33:56+08:00 ] 127.0.0.1 /Growth/Purchase/type/2.html
INFO: [ app_init ] --START--
INFO: Run Behavior\BuildLiteBehavior [ RunTime:0.000000s ]
INFO: [ app_init ] --END-- [ RunTime:0.000000s ]
INFO: [ app_begin ] --START--
INFO: Run Behavior\ReadHtmlCacheBehavior [ RunTime:0.000000s ]
INFO: Run Common\Behavior\CheckLangBehavior [ RunTime:0.000977s ]
INFO: [ app_begin ] --END-- [ RunTime:0.001953s ]
SQL: SHOW COLUMNS FROM `ysk_config` [ RunTime:0.0039s ]
SQL: SELECT `value`,`tip` FROM `ysk_config` WHERE `name` = 'TOGGLE_WEB_SITE' LIMIT 1   [ RunTime:0.0010s ]
SQL: SHOW COLUMNS FROM `ysk_user` [ RunTime:0.0059s ]
SQL: SHOW COLUMNS FROM `ysk_user` [ RunTime:0.0039s ]
SQL: SELECT `status`,`session_id` FROM `ysk_user` WHERE `userid` = 999854 LIMIT 1   [ RunTime:0.0000s ]
SQL: SHOW COLUMNS FROM `ysk_trans` [ RunTime:0.0039s ]
SQL: SELECT `id` FROM `ysk_trans` WHERE `dj_end_time` <= 1611020036 AND `pay_state` = 3 AND `payin_id` = 999854 AND `is_lin` = 0  [ RunTime:0.0000s ]
SQL: SHOW COLUMNS FROM `ysk_paidan_profit` [ RunTime:0.0039s ]
SQL: SELECT `id` FROM `ysk_paidan_profit` WHERE `dj_end_time` <= 1611020036 AND `pay_state` = 1 AND `payin_id` = 999854  [ RunTime:0.0000s ]
SQL: SHOW COLUMNS FROM `ysk_config` [ RunTime:0.0049s ]
SQL: SELECT `value` FROM `ysk_config` WHERE ( name='zidong_sell' ) LIMIT 1   [ RunTime:0.0000s ]
SQL: SELECT `value` FROM `ysk_config` WHERE ( name='zidong_sell_time' ) LIMIT 1   [ RunTime:0.0010s ]
SQL: SELECT `pay_no`,`pay_nums`,`yuyue_state`,`yuyue_first_tail` FROM `ysk_trans` WHERE `pay_state` < 2 AND `payin_id` = 999854 AND `form` = 2 AND `yuyue_state` IN ('0','1') ORDER BY id desc  [ RunTime:0.0000s ]
SQL: SELECT `automatic_paidan_switch`,`automatic_paidan_day` FROM `ysk_user` WHERE ( userid=999854 ) LIMIT 1   [ RunTime:0.0010s ]
SQL: SELECT COUNT(*) AS tp_count FROM `ysk_trans` WHERE `payin_id` = 999854 AND `form` = 2 LIMIT 1   [ RunTime:0.0000s ]
SQL: SELECT `automatic_paidan_day` FROM `ysk_user` WHERE ( userid = 999854 ) LIMIT 1   [ RunTime:0.0000s ]
SQL: SELECT `pay_time` FROM `ysk_trans` WHERE `payin_id` = 999854 AND `form` = 2 ORDER BY pay_time desc LIMIT 1   [ RunTime:0.0010s ]
SQL: SHOW COLUMNS FROM `ysk_ubanks` [ RunTime:0.0518s ]
SQL: SELECT COUNT(1) AS tp_count FROM `ysk_ubanks` WHERE ( (`user_id` = '999854') AND (`is_default` = 1) ) LIMIT 1   [ RunTime:0.0010s ]
SQL: SHOW COLUMNS FROM `ysk_ubanks` [ RunTime:0.0029s ]
SQL: SELECT u.hold_name,u.id,u.card_number,u.user_id,banks.banq_genre FROM ysk_ubanks as u RIGHT JOIN ysk_bank_name as banks ON u.card_id = banks.pid  WHERE u.user_id = '999854' LIMIT 1   [ RunTime:0.0244s ]
SQL: SELECT COUNT(1) AS tp_count FROM `ysk_user` WHERE `pid` = 999854 AND `activate` = 1 LIMIT 1   [ RunTime:0.0000s ]
SQL: SELECT * FROM `ysk_trans` WHERE `payin_id` = 999854 ORDER BY id desc LIMIT 1   [ RunTime:0.0010s ]
SQL: SHOW COLUMNS FROM `ysk_config` [ RunTime:0.0049s ]
SQL: SELECT `value` FROM `ysk_config` WHERE `name` = 'grab_start' LIMIT 1   [ RunTime:0.0000s ]
SQL: SELECT `value` FROM `ysk_config` WHERE `name` = 'grab_end' LIMIT 1   [ RunTime:0.0010s ]
SQL: SELECT `purchase_num` FROM `ysk_trans` WHERE `payin_id` = 999854 AND `form` = 0 LIMIT 1   [ RunTime:0.0000s ]
SQL: SELECT `value` FROM `ysk_config` WHERE ( name="buycenter" ) LIMIT 1   [ RunTime:0.0000s ]
NOTIC: [8] Undefined variable: notpur E:\a1002\shop\Home\Controller\GrowthController.class.php 第 481 行.
NOTIC: [8] Undefined variable: buzidong E:\a1002\shop\Home\Controller\GrowthController.class.php 第 482 行.
INFO: [ view_parse ] --START--
INFO: [ template_filter ] --START--
INFO: Run Behavior\ContentReplaceBehavior [ RunTime:0.000000s ]
INFO: [ template_filter ] --END-- [ RunTime:0.000000s ]
NOTIC: [8] Undefined index: m E:\a1002\ThinkPHP\Common\functions.php 第 977 行.
NOTIC: [8] Undefined index: m E:\a1002\ThinkPHP\Common\functions.php 第 977 行.
NOTIC: [8] Undefined variable: user_quote_num E:\a1002\shop\Runtime\Cache\Home\70f4186166a5bb381bb487037cb25178.php 第 212 行.
INFO: Run Behavior\ParseTemplateBehavior [ RunTime:0.022461s ]
INFO: [ view_parse ] --END-- [ RunTime:0.022461s ]
INFO: [ view_filter ] --START--
INFO: Run Behavior\WriteHtmlCacheBehavior [ RunTime:0.000000s ]
INFO: [ view_filter ] --END-- [ RunTime:0.000000s ]
INFO: [ app_end ] --START--
INFO: Run Behavior\ShowPageTraceBehavior [ RunTime:0.000976s ]
INFO: [ app_end ] --END-- [ RunTime:0.000976s ]

