[ 2021-01-29T10:49:25+08:00 ] 127.0.0.1 /admin
INFO: [ app_init ] --START--
INFO: Run Behavior\BuildLiteBehavior [ RunTime:0.000000s ]
INFO: [ app_init ] --END-- [ RunTime:0.000000s ]
INFO: [ app_begin ] --START--
INFO: Run Behavior\ReadHtmlCacheBehavior [ RunTime:0.000976s ]
INFO: Run Common\Behavior\CheckLangBehavior [ RunTime:0.001954s ]
INFO: [ app_begin ] --END-- [ RunTime:0.002930s ]
NOTIC: [8] Use of undefined constant MODEL_INSERT - assumed 'MODEL_INSERT' E:\a1002\ThinkPHP\Common\functions.php 第 588 行.
SQL: SHOW COLUMNS FROM `ysk_admin` [ RunTime:0.0352s ]
SQL: SHOW COLUMNS FROM `ysk_menu` [ RunTime:0.0244s ]
SQL: SELECT `pid`,`gid`,`name` FROM `ysk_menu` WHERE `col` = 'Index' AND `status` = 1 AND `level` = 2 LIMIT 1   [ RunTime:0.0059s ]
SQL: SELECT `name` FROM `ysk_menu` WHERE `id` = 3 LIMIT 1   [ RunTime:0.0000s ]
SQL: SELECT `name` FROM `ysk_menu` WHERE `id` = 1 LIMIT 1   [ RunTime:0.0000s ]
SQL: SHOW COLUMNS FROM `ysk_admin` [ RunTime:0.0049s ]
SQL: SELECT `auth_id` FROM `ysk_admin` WHERE `id` = 5 LIMIT 1   [ RunTime:0.0010s ]
SQL: SELECT * FROM `ysk_menu` WHERE `status` = 1 AND `level` = 1 AND `gid` = 1 ORDER BY sort asc, id asc  [ RunTime:0.0000s ]
SQL: SELECT * FROM `ysk_menu` WHERE `status` = 1 AND `level` = 2 AND `gid` = 1 ORDER BY sort asc, id asc  [ RunTime:0.0000s ]
SQL: SELECT `auth_id` FROM `ysk_admin` WHERE `id` = 5 LIMIT 1   [ RunTime:0.0000s ]
SQL: SELECT * FROM `ysk_menu` WHERE `status` = 1 AND `level` = 0 ORDER BY sort asc, id asc  [ RunTime:0.0000s ]
SQL: SELECT `col`,`act` FROM `ysk_menu` WHERE `level` = 2 AND `gid` = 1 ORDER BY sort asc, id asc LIMIT 1   [ RunTime:0.0010s ]
SQL: SELECT COUNT(1) AS tp_count FROM `ysk_menu` WHERE `col` = 'Index' AND `act` = 'index' LIMIT 1   [ RunTime:0.0000s ]
SQL: SHOW COLUMNS FROM `ysk_user` [ RunTime:0.0352s ]
SQL: SELECT COUNT(1) AS tp_count FROM `ysk_user` LIMIT 1   [ RunTime:0.0000s ]
SQL: SELECT COUNT(1) AS tp_count FROM `ysk_user` WHERE ( reg_date BETWEEN 1611849600 AND 1611936000 ) LIMIT 1   [ RunTime:0.0000s ]
SQL: SHOW COLUMNS FROM `ysk_trading` [ RunTime:0.0195s ]
SQL: SHOW COLUMNS FROM `ysk_trading_free` [ RunTime:0.0127s ]
SQL: SELECT COUNT(1) AS tp_count FROM `ysk_trading` WHERE ( create_time BETWEEN 1611849600 AND 1611936000 ) LIMIT 1   [ RunTime:0.0010s ]
SQL: SELECT COUNT(1) AS tp_count FROM `ysk_trading` LIMIT 1   [ RunTime:0.0000s ]
SQL: SELECT COUNT(1) AS tp_count FROM `ysk_trading_free` WHERE ( create_time BETWEEN 1611849600 AND 1611936000 ) LIMIT 1   [ RunTime:0.0000s ]
SQL: SELECT COUNT(1) AS tp_count FROM `ysk_trading_free` LIMIT 1   [ RunTime:0.0000s ]
SQL: SHOW COLUMNS FROM `ysk_trans` [ RunTime:0.0156s ]
SQL: SELECT SUM(pay_nums) AS tp_sum FROM `ysk_trans` WHERE ( `pay_time` >= 1611849600 AND `pay_time` <= 1611935999  ) AND `trans_type` = 0 LIMIT 1   [ RunTime:0.0010s ]
SQL: SELECT SUM(pay_nums) AS tp_sum FROM `ysk_trans` WHERE ( `pay_time` >= 1611849600 AND `pay_time` <= 1611935999  ) AND `trans_type` = 1 LIMIT 1   [ RunTime:0.0000s ]
SQL: SELECT SUM(pay_nums) AS tp_sum FROM `ysk_trans` WHERE ( dj_end_time BETWEEN 1611888565 AND dj_end_time AND pay_state=3 ) LIMIT 1   [ RunTime:0.0010s ]
INFO: [ view_parse ] --START--
INFO: [ template_filter ] --START--
INFO: Run Behavior\ContentReplaceBehavior [ RunTime:0.000976s ]
INFO: [ template_filter ] --END-- [ RunTime:0.000976s ]
NOTIC: [8] Undefined variable: _user_auth E:\a1002\shop\Runtime\Cache\Admin\7278058fa3c501c35aba3e8d579773ef.php 第 70 行.
NOTIC: [8] Undefined variable: user_activate E:\a1002\shop\Runtime\Cache\Admin\7278058fa3c501c35aba3e8d579773ef.php 第 162 行.
INFO: Run Behavior\ParseTemplateBehavior [ RunTime:0.036133s ]
INFO: [ view_parse ] --END-- [ RunTime:0.036133s ]
INFO: [ view_filter ] --START--
INFO: Run Behavior\WriteHtmlCacheBehavior [ RunTime:0.000977s ]
INFO: [ view_filter ] --END-- [ RunTime:0.000977s ]
INFO: [ app_end ] --START--
INFO: Run Behavior\ShowPageTraceBehavior [ RunTime:0.000000s ]
INFO: [ app_end ] --END-- [ RunTime:0.000000s ]

[ 2021-01-29T10:49:28+08:00 ] 127.0.0.1 /admin/User/index/type/1.html
INFO: [ app_init ] --START--
INFO: Run Behavior\BuildLiteBehavior [ RunTime:0.000000s ]
INFO: [ app_init ] --END-- [ RunTime:0.000000s ]
INFO: [ app_begin ] --START--
INFO: Run Behavior\ReadHtmlCacheBehavior [ RunTime:0.000976s ]
INFO: Run Common\Behavior\CheckLangBehavior [ RunTime:0.000977s ]
INFO: [ app_begin ] --END-- [ RunTime:0.001953s ]
NOTIC: [2] Declaration of Admin\Controller\UserController::setStatus($model = Admin\Controller\CONTROLLER_NAME) should be compatible with Admin\Controller\AdminController::setStatus($model = Admin\Controller\CONTROLLER_NAME, $script = false) E:\a1002\shop\Admin\Controller\UserController.class.php 第 10 行.
NOTIC: [8] Use of undefined constant MODEL_INSERT - assumed 'MODEL_INSERT' E:\a1002\ThinkPHP\Common\functions.php 第 588 行.
SQL: SHOW COLUMNS FROM `ysk_admin` [ RunTime:0.0059s ]
SQL: SHOW COLUMNS FROM `ysk_group` [ RunTime:0.0342s ]
SQL: SHOW COLUMNS FROM `ysk_menu` [ RunTime:0.0049s ]
SQL: SHOW COLUMNS FROM `ysk_admin` [ RunTime:0.0049s ]
SQL: SELECT `auth_id` FROM `ysk_admin` WHERE `id` = 5 LIMIT 1   [ RunTime:0.0010s ]
SQL: SELECT `pid`,`gid`,`name` FROM `ysk_menu` WHERE `col` = 'User' AND `status` = 1 AND `level` = 2 LIMIT 1   [ RunTime:0.0000s ]
SQL: SELECT `name` FROM `ysk_menu` WHERE `id` = 7 LIMIT 1   [ RunTime:0.0000s ]
SQL: SELECT `name` FROM `ysk_menu` WHERE `id` = 1 LIMIT 1   [ RunTime:0.0010s ]
SQL: SELECT `auth_id` FROM `ysk_admin` WHERE `id` = 5 LIMIT 1   [ RunTime:0.0000s ]
SQL: SELECT * FROM `ysk_menu` WHERE `status` = 1 AND `level` = 1 AND `gid` = 1 ORDER BY sort asc, id asc  [ RunTime:0.0000s ]
SQL: SELECT * FROM `ysk_menu` WHERE `status` = 1 AND `level` = 2 AND `gid` = 1 ORDER BY sort asc, id asc  [ RunTime:0.0000s ]
SQL: SELECT `auth_id` FROM `ysk_admin` WHERE `id` = 5 LIMIT 1   [ RunTime:0.0000s ]
SQL: SELECT * FROM `ysk_menu` WHERE `status` = 1 AND `level` = 0 ORDER BY sort asc, id asc  [ RunTime:0.0010s ]
SQL: SELECT `col`,`act` FROM `ysk_menu` WHERE `level` = 2 AND `gid` = 1 ORDER BY sort asc, id asc LIMIT 1   [ RunTime:0.0000s ]
SQL: SELECT COUNT(1) AS tp_count FROM `ysk_menu` WHERE `col` = 'User' AND `act` = 'index' LIMIT 1   [ RunTime:0.0010s ]
NOTIC: [8] Undefined variable: map E:\a1002\shop\Admin\Common\function.php 第 110 行.
NOTIC: [8] Undefined variable: level E:\a1002\shop\Admin\Controller\UserController.class.php 第 42 行.
SQL: SHOW COLUMNS FROM `ysk_user` [ RunTime:0.0049s ]
SQL: SELECT COUNT(1) AS tp_count FROM ysk_user a left JOIN ysk_store b on a.userid=b.uid  WHERE a.activate = 1 AND a.is_paidan = 1 LIMIT 1   [ RunTime:0.0186s ]
SQL: SELECT a.is_paidan,a.userid,a.username,a.email,a.activate,a.yinbi,a.account,a.mobile,a.reg_date,a.status,a.pid,b.cangku_num,b.dt_jifen,b.active_num,b.paidan,b.red_integral FROM ysk_user a left JOIN ysk_store b on a.userid=b.uid  WHERE a.activate = 1 AND a.is_paidan = 1 ORDER BY a.reg_date desc LIMIT 0,100   [ RunTime:0.0010s ]
SQL: SELECT `userid` FROM ysk_user a WHERE a.activate = 1 AND a.is_paidan = 1  [ RunTime:0.0000s ]
SQL: SHOW COLUMNS FROM `ysk_user` [ RunTime:0.0059s ]
NOTIC: [8] Undefined variable: data E:\a1002\shop\Admin\Controller\UserController.class.php 第 106 行.
SQL: SELECT COUNT(1) AS tp_count FROM `ysk_user` WHERE `pid` = null LIMIT 1   [ RunTime:0.0010s ]
SQL: SELECT COUNT(*) AS tp_count FROM `ysk_user` WHERE `pid` = 100499 LIMIT 1   [ RunTime:0.0000s ]
SQL: SELECT `userid`,`username` FROM `ysk_user` WHERE ( pid="100499" )  [ RunTime:0.0000s ]
SQL: SHOW COLUMNS FROM `ysk_store` [ RunTime:0.0049s ]
SQL: SELECT `total_revenue` FROM `ysk_store` WHERE `uid` = 100499 LIMIT 1   [ RunTime:0.0000s ]
SQL: SHOW COLUMNS FROM `ysk_trans` [ RunTime:0.0059s ]
SQL: SELECT `pay_time` FROM `ysk_trans` WHERE ( payin_id=100499 ) ORDER BY id LIMIT 1   [ RunTime:0.0000s ]
SQL: SELECT `pay_time` FROM `ysk_trans` WHERE ( payin_id=100499 ) ORDER BY id LIMIT 1   [ RunTime:0.0000s ]
NOTIC: [8] Undefined variable: data E:\a1002\shop\Admin\Controller\UserController.class.php 第 106 行.
SQL: SELECT COUNT(1) AS tp_count FROM `ysk_user` WHERE `pid` = null LIMIT 1   [ RunTime:0.0000s ]
SQL: SELECT COUNT(*) AS tp_count FROM `ysk_user` WHERE `pid` = 525253 LIMIT 1   [ RunTime:0.0000s ]
SQL: SELECT `userid`,`username` FROM `ysk_user` WHERE ( pid="525253" )  [ RunTime:0.0000s ]
SQL: SELECT `userid`,`username` FROM `ysk_user` WHERE ( pid="100499" )  [ RunTime:0.0000s ]
SQL: SELECT `total_revenue` FROM `ysk_store` WHERE `uid` = 525253 LIMIT 1   [ RunTime:0.0000s ]
SQL: SELECT `pay_time` FROM `ysk_trans` WHERE ( payin_id=525253 ) ORDER BY id LIMIT 1   [ RunTime:0.0010s ]
SQL: SELECT `pay_time` FROM `ysk_trans` WHERE ( payin_id=525253 ) ORDER BY id LIMIT 1   [ RunTime:0.0010s ]
NOTIC: [8] Undefined variable: data E:\a1002\shop\Admin\Controller\UserController.class.php 第 106 行.
SQL: SELECT COUNT(1) AS tp_count FROM `ysk_user` WHERE `pid` = null LIMIT 1   [ RunTime:0.0000s ]
SQL: SELECT COUNT(*) AS tp_count FROM `ysk_user` WHERE `pid` = 999854 LIMIT 1   [ RunTime:0.0000s ]
SQL: SELECT `userid`,`username` FROM `ysk_user` WHERE ( pid="999854" )  [ RunTime:0.0000s ]
SQL: SELECT `userid`,`username` FROM `ysk_user` WHERE ( pid="525253" )  [ RunTime:0.0000s ]
SQL: SELECT `userid`,`username` FROM `ysk_user` WHERE ( pid="100499" )  [ RunTime:0.0000s ]
SQL: SELECT `total_revenue` FROM `ysk_store` WHERE `uid` = 999854 LIMIT 1   [ RunTime:0.0000s ]
SQL: SELECT `pay_time` FROM `ysk_trans` WHERE ( payin_id=999854 ) ORDER BY id LIMIT 1   [ RunTime:0.0010s ]
SQL: SELECT `pay_time` FROM `ysk_trans` WHERE ( payin_id=999854 ) ORDER BY id LIMIT 1   [ RunTime:0.0000s ]
SQL: SELECT `cangku_num`,`active_num`,`dt_jifen`,`paidan`,`red_integral` FROM `ysk_store` WHERE `uid` = 100499 LIMIT 1   [ RunTime:0.0000s ]
SQL: SELECT `cangku_num`,`active_num`,`dt_jifen`,`paidan`,`red_integral` FROM `ysk_store` WHERE `uid` = 525253 LIMIT 1   [ RunTime:0.0010s ]
SQL: SELECT `cangku_num`,`active_num`,`dt_jifen`,`paidan`,`red_integral` FROM `ysk_store` WHERE `uid` = 999854 LIMIT 1   [ RunTime:0.0000s ]
SQL: SELECT `auth_id` FROM `ysk_admin` WHERE `id` = 5 LIMIT 1   [ RunTime:0.0000s ]
INFO: [ view_parse ] --START--
INFO: [ template_filter ] --START--
INFO: Run Behavior\ContentReplaceBehavior [ RunTime:0.000977s ]
INFO: [ template_filter ] --END-- [ RunTime:0.000977s ]
NOTIC: [8] Undefined variable: meta_title E:\a1002\shop\Runtime\Cache\Admin\9a111d1ff7e1d627679d543589aa53f1.php 第 5 行.
NOTIC: [8] Undefined variable: _user_auth E:\a1002\shop\Runtime\Cache\Admin\9a111d1ff7e1d627679d543589aa53f1.php 第 78 行.
NOTIC: [8] Undefined index: date_start E:\a1002\shop\Runtime\Cache\Admin\9a111d1ff7e1d627679d543589aa53f1.php 第 159 行.
NOTIC: [8] Undefined index: date_end E:\a1002\shop\Runtime\Cache\Admin\9a111d1ff7e1d627679d543589aa53f1.php 第 162 行.
NOTIC: [8] Undefined index: keyword E:\a1002\shop\Runtime\Cache\Admin\9a111d1ff7e1d627679d543589aa53f1.php 第 175 行.
SQL: SHOW COLUMNS FROM `ysk_user` [ RunTime:0.0059s ]
SQL: SELECT `account` FROM `ysk_user` WHERE ( userid =525253 ) LIMIT 1   [ RunTime:0.0010s ]
SQL: SELECT `username` FROM `ysk_user` WHERE ( userid=525253 ) LIMIT 1   [ RunTime:0.0000s ]
SQL: SELECT COUNT(1) AS tp_count FROM `ysk_user` WHERE `pid` = 100499 LIMIT 1   [ RunTime:0.0000s ]
NOTIC: [8] Use of undefined constant shouyi - assumed 'shouyi' E:\a1002\shop\Runtime\Cache\Admin\9a111d1ff7e1d627679d543589aa53f1.php 第 262 行.
NOTIC: [8] Use of undefined constant shouyi - assumed 'shouyi' E:\a1002\shop\Runtime\Cache\Admin\9a111d1ff7e1d627679d543589aa53f1.php 第 262 行.
NOTIC: [8] Use of undefined constant shouyi - assumed 'shouyi' E:\a1002\shop\Runtime\Cache\Admin\9a111d1ff7e1d627679d543589aa53f1.php 第 262 行.
NOTIC: [8] Use of undefined constant forbid - assumed 'forbid' E:\a1002\shop\Runtime\Cache\Admin\9a111d1ff7e1d627679d543589aa53f1.php 第 284 行.
SQL: SELECT `account` FROM `ysk_user` WHERE ( userid =999854 ) LIMIT 1   [ RunTime:0.0000s ]
SQL: SELECT `username` FROM `ysk_user` WHERE ( userid=999854 ) LIMIT 1   [ RunTime:0.0000s ]
SQL: SELECT COUNT(1) AS tp_count FROM `ysk_user` WHERE `pid` = 525253 LIMIT 1   [ RunTime:0.0000s ]
NOTIC: [8] Use of undefined constant shouyi - assumed 'shouyi' E:\a1002\shop\Runtime\Cache\Admin\9a111d1ff7e1d627679d543589aa53f1.php 第 262 行.
NOTIC: [8] Use of undefined constant shouyi - assumed 'shouyi' E:\a1002\shop\Runtime\Cache\Admin\9a111d1ff7e1d627679d543589aa53f1.php 第 262 行.
NOTIC: [8] Use of undefined constant shouyi - assumed 'shouyi' E:\a1002\shop\Runtime\Cache\Admin\9a111d1ff7e1d627679d543589aa53f1.php 第 262 行.
NOTIC: [8] Use of undefined constant forbid - assumed 'forbid' E:\a1002\shop\Runtime\Cache\Admin\9a111d1ff7e1d627679d543589aa53f1.php 第 284 行.
SQL: SELECT `account` FROM `ysk_user` WHERE ( userid =0 ) LIMIT 1   [ RunTime:0.0010s ]
SQL: SELECT `username` FROM `ysk_user` WHERE ( userid=0 ) LIMIT 1   [ RunTime:0.0000s ]
SQL: SELECT COUNT(1) AS tp_count FROM `ysk_user` WHERE `pid` = 999854 LIMIT 1   [ RunTime:0.0000s ]
NOTIC: [8] Use of undefined constant shouyi - assumed 'shouyi' E:\a1002\shop\Runtime\Cache\Admin\9a111d1ff7e1d627679d543589aa53f1.php 第 262 行.
NOTIC: [8] Use of undefined constant shouyi - assumed 'shouyi' E:\a1002\shop\Runtime\Cache\Admin\9a111d1ff7e1d627679d543589aa53f1.php 第 262 行.
NOTIC: [8] Use of undefined constant shouyi - assumed 'shouyi' E:\a1002\shop\Runtime\Cache\Admin\9a111d1ff7e1d627679d543589aa53f1.php 第 262 行.
NOTIC: [8] Use of undefined constant forbid - assumed 'forbid' E:\a1002\shop\Runtime\Cache\Admin\9a111d1ff7e1d627679d543589aa53f1.php 第 284 行.
INFO: Run Behavior\ParseTemplateBehavior [ RunTime:0.031250s ]
INFO: [ view_parse ] --END-- [ RunTime:0.031250s ]
INFO: [ view_filter ] --START--
INFO: Run Behavior\WriteHtmlCacheBehavior [ RunTime:0.000000s ]
INFO: [ view_filter ] --END-- [ RunTime:0.000000s ]
INFO: [ app_end ] --START--
INFO: Run Behavior\ShowPageTraceBehavior [ RunTime:0.000977s ]
INFO: [ app_end ] --END-- [ RunTime:0.000977s ]

[ 2021-01-29T10:49:29+08:00 ] 127.0.0.1 /admin/User/userlogin/userid/999854.html
INFO: [ app_init ] --START--
INFO: Run Behavior\BuildLiteBehavior [ RunTime:0.000000s ]
INFO: [ app_init ] --END-- [ RunTime:0.000000s ]
INFO: [ app_begin ] --START--
INFO: Run Behavior\ReadHtmlCacheBehavior [ RunTime:0.000976s ]
INFO: Run Common\Behavior\CheckLangBehavior [ RunTime:0.000977s ]
INFO: [ app_begin ] --END-- [ RunTime:0.001953s ]
NOTIC: [2] Declaration of Admin\Controller\UserController::setStatus($model = Admin\Controller\CONTROLLER_NAME) should be compatible with Admin\Controller\AdminController::setStatus($model = Admin\Controller\CONTROLLER_NAME, $script = false) E:\a1002\shop\Admin\Controller\UserController.class.php 第 10 行.
NOTIC: [8] Use of undefined constant MODEL_INSERT - assumed 'MODEL_INSERT' E:\a1002\ThinkPHP\Common\functions.php 第 588 行.
SQL: SHOW COLUMNS FROM `ysk_admin` [ RunTime:0.0049s ]
SQL: SHOW COLUMNS FROM `ysk_group` [ RunTime:0.0039s ]
SQL: SHOW COLUMNS FROM `ysk_menu` [ RunTime:0.0049s ]
SQL: SHOW COLUMNS FROM `ysk_admin` [ RunTime:0.0039s ]
SQL: SELECT `auth_id` FROM `ysk_admin` WHERE `id` = 5 LIMIT 1   [ RunTime:0.0000s ]
SQL: SELECT `pid`,`gid`,`name` FROM `ysk_menu` WHERE `col` = 'User' AND `status` = 1 AND `level` = 2 LIMIT 1   [ RunTime:0.0000s ]
SQL: SELECT `name` FROM `ysk_menu` WHERE `id` = 7 LIMIT 1   [ RunTime:0.0000s ]
SQL: SELECT `name` FROM `ysk_menu` WHERE `id` = 1 LIMIT 1   [ RunTime:0.0000s ]
SQL: SELECT `auth_id` FROM `ysk_admin` WHERE `id` = 5 LIMIT 1   [ RunTime:0.0000s ]
SQL: SELECT * FROM `ysk_menu` WHERE `status` = 1 AND `level` = 1 AND `gid` = 1 ORDER BY sort asc, id asc  [ RunTime:0.0010s ]
SQL: SELECT * FROM `ysk_menu` WHERE `status` = 1 AND `level` = 2 AND `gid` = 1 ORDER BY sort asc, id asc  [ RunTime:0.0000s ]
SQL: SELECT `auth_id` FROM `ysk_admin` WHERE `id` = 5 LIMIT 1   [ RunTime:0.0010s ]
SQL: SELECT * FROM `ysk_menu` WHERE `status` = 1 AND `level` = 0 ORDER BY sort asc, id asc  [ RunTime:0.0000s ]
SQL: SELECT `col`,`act` FROM `ysk_menu` WHERE `level` = 2 AND `gid` = 1 ORDER BY sort asc, id asc LIMIT 1   [ RunTime:0.0000s ]
SQL: SELECT COUNT(1) AS tp_count FROM `ysk_menu` WHERE `col` = 'User' AND `act` = 'userlogin' LIMIT 1   [ RunTime:0.0000s ]
SQL: SHOW COLUMNS FROM `ysk_user` [ RunTime:0.0059s ]
SQL: SELECT * FROM `ysk_user` WHERE `userid` = 999854 LIMIT 1   [ RunTime:0.0010s ]

[ 2021-01-29T17:27:34+08:00 ] 127.0.0.1 /admin/Config/group4.html
INFO: [ app_init ] --START--
INFO: Run Behavior\BuildLiteBehavior [ RunTime:0.000000s ]
INFO: [ app_init ] --END-- [ RunTime:0.000000s ]
INFO: [ app_begin ] --START--
INFO: Run Behavior\ReadHtmlCacheBehavior [ RunTime:0.000977s ]
INFO: Run Common\Behavior\CheckLangBehavior [ RunTime:0.000977s ]
INFO: [ app_begin ] --END-- [ RunTime:0.001954s ]
NOTIC: [8] Use of undefined constant MODEL_INSERT - assumed 'MODEL_INSERT' E:\a1002\ThinkPHP\Common\functions.php 第 588 行.
SQL: SHOW COLUMNS FROM `ysk_admin` [ RunTime:0.0049s ]
SQL: SHOW COLUMNS FROM `ysk_group` [ RunTime:0.0049s ]
SQL: SHOW COLUMNS FROM `ysk_menu` [ RunTime:0.0049s ]
SQL: SHOW COLUMNS FROM `ysk_admin` [ RunTime:0.0049s ]
SQL: SELECT `auth_id` FROM `ysk_admin` WHERE `id` = 5 LIMIT 1   [ RunTime:0.0010s ]
SQL: SELECT `pid`,`gid`,`name` FROM `ysk_menu` WHERE `col` = 'Config' AND `status` = 1 AND `level` = 2 LIMIT 1   [ RunTime:0.0000s ]
SQL: SELECT `name` FROM `ysk_menu` WHERE `id` = 3 LIMIT 1   [ RunTime:0.0000s ]
SQL: SELECT `name` FROM `ysk_menu` WHERE `id` = 1 LIMIT 1   [ RunTime:0.0010s ]
SQL: SELECT `auth_id` FROM `ysk_admin` WHERE `id` = 5 LIMIT 1   [ RunTime:0.0000s ]
SQL: SELECT * FROM `ysk_menu` WHERE `status` = 1 AND `level` = 1 AND `gid` = 1 ORDER BY sort asc, id asc  [ RunTime:0.0000s ]
SQL: SELECT * FROM `ysk_menu` WHERE `status` = 1 AND `level` = 2 AND `gid` = 1 ORDER BY sort asc, id asc  [ RunTime:0.0010s ]
SQL: SELECT `auth_id` FROM `ysk_admin` WHERE `id` = 5 LIMIT 1   [ RunTime:0.0000s ]
SQL: SELECT * FROM `ysk_menu` WHERE `status` = 1 AND `level` = 0 ORDER BY sort asc, id asc  [ RunTime:0.0010s ]
SQL: SELECT `col`,`act` FROM `ysk_menu` WHERE `level` = 2 AND `gid` = 1 ORDER BY sort asc, id asc LIMIT 1   [ RunTime:0.0000s ]
SQL: SELECT COUNT(1) AS tp_count FROM `ysk_menu` WHERE `col` = 'Config' AND `act` = 'group4' LIMIT 1   [ RunTime:0.0000s ]
SQL: SHOW COLUMNS FROM `ysk_config` [ RunTime:0.0068s ]
SQL: SELECT `name`,`value`,`tip`,`type` FROM `ysk_config` WHERE `group` = 4 AND `status` = 1  [ RunTime:0.0000s ]
SQL: SELECT `name`,`value`,`tip`,`type` FROM `ysk_config` WHERE `group` = 7 AND `status` = 1  [ RunTime:0.0010s ]
SQL: SELECT `name`,`value`,`tip`,`type` FROM `ysk_config` WHERE `group` = 9 AND `status` = 1  [ RunTime:0.0000s ]
SQL: SELECT `name`,`value`,`tip`,`type` FROM `ysk_config` WHERE `group` = 10 AND `status` = 1  [ RunTime:0.0000s ]
SQL: SELECT `name`,`value`,`tip`,`type` FROM `ysk_config` WHERE `group` = 6 AND `status` = 1  [ RunTime:0.0010s ]
SQL: SELECT `name`,`value`,`tip`,`type` FROM `ysk_config` WHERE `group` = 8 AND `status` = 1  [ RunTime:0.0000s ]
SQL: SHOW COLUMNS FROM `ysk_config` [ RunTime:0.0068s ]
SQL: SELECT `value` FROM `ysk_config` WHERE `name` = 'quote' LIMIT 1   [ RunTime:0.0000s ]
SQL: SELECT `value` FROM `ysk_config` WHERE `name` = 'rush_start_quote' LIMIT 1   [ RunTime:0.0010s ]
SQL: SELECT `value` FROM `ysk_config` WHERE `name` = 'rush_end_quote' LIMIT 1   [ RunTime:0.0000s ]
SQL: SELECT `value` FROM `ysk_config` WHERE `name` = 'everyone_limit_num' LIMIT 1   [ RunTime:0.0000s ]
SQL: SELECT `value` FROM `ysk_config` WHERE `name` = 'grab_num' LIMIT 1   [ RunTime:0.0000s ]
SQL: SELECT `value` FROM `ysk_config` WHERE `name` = 'grab_start' LIMIT 1   [ RunTime:0.0000s ]
SQL: SELECT `value` FROM `ysk_config` WHERE `name` = 'grab_end' LIMIT 1   [ RunTime:0.0000s ]
SQL: SELECT `value` FROM `ysk_config` WHERE `name` = 'grab_limit_num' LIMIT 1   [ RunTime:0.0000s ]
SQL: SELECT `value` FROM `ysk_config` WHERE `name` = 'one_dj_start' LIMIT 1   [ RunTime:0.0010s ]
SQL: SELECT `value` FROM `ysk_config` WHERE `name` = 'one_dj_end' LIMIT 1   [ RunTime:0.0000s ]
SQL: SELECT `value` FROM `ysk_config` WHERE `name` = 'one_dj_m' LIMIT 1   [ RunTime:0.0000s ]
SQL: SELECT `value` FROM `ysk_config` WHERE `name` = 'two_dj_start' LIMIT 1   [ RunTime:0.0000s ]
SQL: SELECT `value` FROM `ysk_config` WHERE `name` = 'two_dj_end' LIMIT 1   [ RunTime:0.0000s ]
SQL: SELECT `value` FROM `ysk_config` WHERE `name` = 'two_dj_m' LIMIT 1   [ RunTime:0.0010s ]
SQL: SELECT `value` FROM `ysk_config` WHERE `name` = 'three_dj_start' LIMIT 1   [ RunTime:0.0000s ]
SQL: SELECT `value` FROM `ysk_config` WHERE `name` = 'three_dj_end' LIMIT 1   [ RunTime:0.0010s ]
SQL: SELECT `value` FROM `ysk_config` WHERE `name` = 'three_dj_m' LIMIT 1   [ RunTime:0.0000s ]
SQL: SELECT `value`,`name`,`title` FROM `ysk_config` WHERE `name` IN ('zero_points','steam_10','steam_20','steam_30','steam_50','steam_100','steam_200','steam_500','steam_1000','steam_3333','steam_10000') ORDER BY id asc  [ RunTime:0.0010s ]
SQL: SELECT `title`,`value`,`name` FROM `ysk_config` WHERE `name` IN ('one_dj_start_pd','one_dj_end_pd','one_dj_m_pd','two_dj_start_pd','two_dj_end_pd','two_dj_m_pd','three_dj_start_pd','three_dj_end_pd','three_dj_m_pd') ORDER BY id  [ RunTime:0.0010s ]
SQL: SELECT `value` FROM `ysk_config` WHERE `name` = 'qiang_quote' LIMIT 1   [ RunTime:0.0000s ]
SQL: SELECT `value` FROM `ysk_config` WHERE `name` = 'qiang_quote_start_time' LIMIT 1   [ RunTime:0.0010s ]
SQL: SELECT `value` FROM `ysk_config` WHERE `name` = 'qiang_quote_end_time' LIMIT 1   [ RunTime:0.0000s ]
SQL: SELECT `value` FROM `ysk_config` WHERE `name` = 'qinag_everyone_limit_num' LIMIT 1   [ RunTime:0.0000s ]
INFO: [ view_parse ] --START--
INFO: [ template_filter ] --START--
INFO: Run Behavior\ContentReplaceBehavior [ RunTime:0.000000s ]
INFO: [ template_filter ] --END-- [ RunTime:0.000000s ]
NOTIC: [8] Undefined variable: meta_title E:\a1002\shop\Runtime\Cache\Admin\4f978dec1b80a37af13d3e4a8bb9ae75.php 第 5 行.
NOTIC: [8] Undefined variable: _user_auth E:\a1002\shop\Runtime\Cache\Admin\4f978dec1b80a37af13d3e4a8bb9ae75.php 第 73 行.
INFO: Run Behavior\ParseTemplateBehavior [ RunTime:0.034180s ]
INFO: [ view_parse ] --END-- [ RunTime:0.034180s ]
INFO: [ view_filter ] --START--
INFO: Run Behavior\WriteHtmlCacheBehavior [ RunTime:0.000976s ]
INFO: [ view_filter ] --END-- [ RunTime:0.000976s ]
INFO: [ app_end ] --START--
INFO: Run Behavior\ShowPageTraceBehavior [ RunTime:0.000977s ]
INFO: [ app_end ] --END-- [ RunTime:0.000977s ]

[ 2021-01-29T17:27:40+08:00 ] 127.0.0.1 /admin/Config/group/group/3.html
INFO: [ app_init ] --START--
INFO: Run Behavior\BuildLiteBehavior [ RunTime:0.000000s ]
INFO: [ app_init ] --END-- [ RunTime:0.000000s ]
INFO: [ app_begin ] --START--
INFO: Run Behavior\ReadHtmlCacheBehavior [ RunTime:0.000977s ]
INFO: Run Common\Behavior\CheckLangBehavior [ RunTime:0.000977s ]
INFO: [ app_begin ] --END-- [ RunTime:0.001954s ]
NOTIC: [8] Use of undefined constant MODEL_INSERT - assumed 'MODEL_INSERT' E:\a1002\ThinkPHP\Common\functions.php 第 588 行.
SQL: SHOW COLUMNS FROM `ysk_admin` [ RunTime:0.0049s ]
SQL: SHOW COLUMNS FROM `ysk_group` [ RunTime:0.0049s ]
SQL: SHOW COLUMNS FROM `ysk_menu` [ RunTime:0.0049s ]
SQL: SHOW COLUMNS FROM `ysk_admin` [ RunTime:0.0049s ]
SQL: SELECT `auth_id` FROM `ysk_admin` WHERE `id` = 5 LIMIT 1   [ RunTime:0.0000s ]
SQL: SELECT `pid`,`gid`,`name` FROM `ysk_menu` WHERE `col` = 'Config' AND `status` = 1 AND `level` = 2 LIMIT 1   [ RunTime:0.0000s ]
SQL: SELECT `name` FROM `ysk_menu` WHERE `id` = 3 LIMIT 1   [ RunTime:0.0010s ]
SQL: SELECT `name` FROM `ysk_menu` WHERE `id` = 1 LIMIT 1   [ RunTime:0.0000s ]
SQL: SELECT `auth_id` FROM `ysk_admin` WHERE `id` = 5 LIMIT 1   [ RunTime:0.0000s ]
SQL: SELECT * FROM `ysk_menu` WHERE `status` = 1 AND `level` = 1 AND `gid` = 1 ORDER BY sort asc, id asc  [ RunTime:0.0010s ]
SQL: SELECT * FROM `ysk_menu` WHERE `status` = 1 AND `level` = 2 AND `gid` = 1 ORDER BY sort asc, id asc  [ RunTime:0.0000s ]
SQL: SELECT `auth_id` FROM `ysk_admin` WHERE `id` = 5 LIMIT 1   [ RunTime:0.0010s ]
SQL: SELECT * FROM `ysk_menu` WHERE `status` = 1 AND `level` = 0 ORDER BY sort asc, id asc  [ RunTime:0.0000s ]
SQL: SELECT `col`,`act` FROM `ysk_menu` WHERE `level` = 2 AND `gid` = 1 ORDER BY sort asc, id asc LIMIT 1   [ RunTime:0.0000s ]
SQL: SELECT COUNT(1) AS tp_count FROM `ysk_menu` WHERE `col` = 'Config' AND `act` = 'group' LIMIT 1   [ RunTime:0.0010s ]
SQL: SHOW COLUMNS FROM `ysk_config` [ RunTime:0.0049s ]
SQL: SELECT `name`,`value`,`tip`,`type` FROM `ysk_config` WHERE `group` = '3' AND `status` = 1  [ RunTime:0.0000s ]
INFO: [ view_parse ] --START--
INFO: [ template_filter ] --START--
INFO: Run Behavior\ContentReplaceBehavior [ RunTime:0.000000s ]
INFO: [ template_filter ] --END-- [ RunTime:0.000000s ]
NOTIC: [8] Undefined variable: meta_title E:\a1002\shop\Runtime\Cache\Admin\9643c643c1493472e2df91d955008522.php 第 5 行.
NOTIC: [8] Undefined variable: _user_auth E:\a1002\shop\Runtime\Cache\Admin\9643c643c1493472e2df91d955008522.php 第 73 行.
INFO: Run Behavior\ParseTemplateBehavior [ RunTime:0.029297s ]
INFO: [ view_parse ] --END-- [ RunTime:0.029297s ]
INFO: [ view_filter ] --START--
INFO: Run Behavior\WriteHtmlCacheBehavior [ RunTime:0.000000s ]
INFO: [ view_filter ] --END-- [ RunTime:0.000000s ]
INFO: [ app_end ] --START--
INFO: Run Behavior\ShowPageTraceBehavior [ RunTime:0.000000s ]
INFO: [ app_end ] --END-- [ RunTime:0.000000s ]

[ 2021-01-29T17:27:41+08:00 ] 127.0.0.1 /admin/User/index/type/1.html
INFO: [ app_init ] --START--
INFO: Run Behavior\BuildLiteBehavior [ RunTime:0.000000s ]
INFO: [ app_init ] --END-- [ RunTime:0.000000s ]
INFO: [ app_begin ] --START--
INFO: Run Behavior\ReadHtmlCacheBehavior [ RunTime:0.000000s ]
INFO: Run Common\Behavior\CheckLangBehavior [ RunTime:0.000976s ]
INFO: [ app_begin ] --END-- [ RunTime:0.001953s ]
NOTIC: [2] Declaration of Admin\Controller\UserController::setStatus($model = Admin\Controller\CONTROLLER_NAME) should be compatible with Admin\Controller\AdminController::setStatus($model = Admin\Controller\CONTROLLER_NAME, $script = false) E:\a1002\shop\Admin\Controller\UserController.class.php 第 10 行.
NOTIC: [8] Use of undefined constant MODEL_INSERT - assumed 'MODEL_INSERT' E:\a1002\ThinkPHP\Common\functions.php 第 588 行.
SQL: SHOW COLUMNS FROM `ysk_admin` [ RunTime:0.0039s ]
SQL: SHOW COLUMNS FROM `ysk_group` [ RunTime:0.0039s ]
SQL: SHOW COLUMNS FROM `ysk_menu` [ RunTime:0.0039s ]
SQL: SHOW COLUMNS FROM `ysk_admin` [ RunTime:0.0049s ]
SQL: SELECT `auth_id` FROM `ysk_admin` WHERE `id` = 5 LIMIT 1   [ RunTime:0.0000s ]
SQL: SELECT `pid`,`gid`,`name` FROM `ysk_menu` WHERE `col` = 'User' AND `status` = 1 AND `level` = 2 LIMIT 1   [ RunTime:0.0010s ]
SQL: SELECT `name` FROM `ysk_menu` WHERE `id` = 7 LIMIT 1   [ RunTime:0.0000s ]
SQL: SELECT `name` FROM `ysk_menu` WHERE `id` = 1 LIMIT 1   [ RunTime:0.0000s ]
SQL: SELECT `auth_id` FROM `ysk_admin` WHERE `id` = 5 LIMIT 1   [ RunTime:0.0010s ]
SQL: SELECT * FROM `ysk_menu` WHERE `status` = 1 AND `level` = 1 AND `gid` = 1 ORDER BY sort asc, id asc  [ RunTime:0.0000s ]
SQL: SELECT * FROM `ysk_menu` WHERE `status` = 1 AND `level` = 2 AND `gid` = 1 ORDER BY sort asc, id asc  [ RunTime:0.0010s ]
SQL: SELECT `auth_id` FROM `ysk_admin` WHERE `id` = 5 LIMIT 1   [ RunTime:0.0000s ]
SQL: SELECT * FROM `ysk_menu` WHERE `status` = 1 AND `level` = 0 ORDER BY sort asc, id asc  [ RunTime:0.0000s ]
SQL: SELECT `col`,`act` FROM `ysk_menu` WHERE `level` = 2 AND `gid` = 1 ORDER BY sort asc, id asc LIMIT 1   [ RunTime:0.0010s ]
SQL: SELECT COUNT(1) AS tp_count FROM `ysk_menu` WHERE `col` = 'User' AND `act` = 'index' LIMIT 1   [ RunTime:0.0000s ]
NOTIC: [8] Undefined variable: map E:\a1002\shop\Admin\Common\function.php 第 110 行.
NOTIC: [8] Undefined variable: level E:\a1002\shop\Admin\Controller\UserController.class.php 第 42 行.
SQL: SHOW COLUMNS FROM `ysk_user` [ RunTime:0.0049s ]
SQL: SELECT COUNT(1) AS tp_count FROM ysk_user a left JOIN ysk_store b on a.userid=b.uid  WHERE a.activate = 1 AND a.is_paidan = 1 LIMIT 1   [ RunTime:0.0000s ]
SQL: SELECT a.is_paidan,a.userid,a.username,a.email,a.activate,a.yinbi,a.account,a.mobile,a.reg_date,a.status,a.pid,b.cangku_num,b.dt_jifen,b.active_num,b.paidan,b.red_integral FROM ysk_user a left JOIN ysk_store b on a.userid=b.uid  WHERE a.activate = 1 AND a.is_paidan = 1 ORDER BY a.reg_date desc LIMIT 0,100   [ RunTime:0.0000s ]
SQL: SELECT `userid` FROM ysk_user a WHERE a.activate = 1 AND a.is_paidan = 1  [ RunTime:0.0000s ]
SQL: SHOW COLUMNS FROM `ysk_user` [ RunTime:0.0049s ]
NOTIC: [8] Undefined variable: data E:\a1002\shop\Admin\Controller\UserController.class.php 第 106 行.
SQL: SELECT COUNT(1) AS tp_count FROM `ysk_user` WHERE `pid` = null LIMIT 1   [ RunTime:0.0000s ]
SQL: SELECT COUNT(*) AS tp_count FROM `ysk_user` WHERE `pid` = 100499 LIMIT 1   [ RunTime:0.0000s ]
SQL: SELECT `userid`,`username` FROM `ysk_user` WHERE ( pid="100499" )  [ RunTime:0.0000s ]
SQL: SHOW COLUMNS FROM `ysk_store` [ RunTime:0.0039s ]
SQL: SELECT `total_revenue` FROM `ysk_store` WHERE `uid` = 100499 LIMIT 1   [ RunTime:0.0000s ]
SQL: SHOW COLUMNS FROM `ysk_trans` [ RunTime:0.0049s ]
SQL: SELECT `pay_time` FROM `ysk_trans` WHERE ( payin_id=100499 ) ORDER BY id LIMIT 1   [ RunTime:0.0000s ]
SQL: SELECT `pay_time` FROM `ysk_trans` WHERE ( payin_id=100499 ) ORDER BY id LIMIT 1   [ RunTime:0.0000s ]
NOTIC: [8] Undefined variable: data E:\a1002\shop\Admin\Controller\UserController.class.php 第 106 行.
SQL: SELECT COUNT(1) AS tp_count FROM `ysk_user` WHERE `pid` = null LIMIT 1   [ RunTime:0.0010s ]
SQL: SELECT COUNT(*) AS tp_count FROM `ysk_user` WHERE `pid` = 525253 LIMIT 1   [ RunTime:0.0000s ]
SQL: SELECT `userid`,`username` FROM `ysk_user` WHERE ( pid="525253" )  [ RunTime:0.0000s ]
SQL: SELECT `userid`,`username` FROM `ysk_user` WHERE ( pid="100499" )  [ RunTime:0.0000s ]
SQL: SELECT `total_revenue` FROM `ysk_store` WHERE `uid` = 525253 LIMIT 1   [ RunTime:0.0010s ]
SQL: SELECT `pay_time` FROM `ysk_trans` WHERE ( payin_id=525253 ) ORDER BY id LIMIT 1   [ RunTime:0.0000s ]
SQL: SELECT `pay_time` FROM `ysk_trans` WHERE ( payin_id=525253 ) ORDER BY id LIMIT 1   [ RunTime:0.0000s ]
NOTIC: [8] Undefined variable: data E:\a1002\shop\Admin\Controller\UserController.class.php 第 106 行.
SQL: SELECT COUNT(1) AS tp_count FROM `ysk_user` WHERE `pid` = null LIMIT 1   [ RunTime:0.0010s ]
SQL: SELECT COUNT(*) AS tp_count FROM `ysk_user` WHERE `pid` = 999854 LIMIT 1   [ RunTime:0.0000s ]
SQL: SELECT `userid`,`username` FROM `ysk_user` WHERE ( pid="999854" )  [ RunTime:0.0000s ]
SQL: SELECT `userid`,`username` FROM `ysk_user` WHERE ( pid="525253" )  [ RunTime:0.0000s ]
SQL: SELECT `userid`,`username` FROM `ysk_user` WHERE ( pid="100499" )  [ RunTime:0.0000s ]
SQL: SELECT `total_revenue` FROM `ysk_store` WHERE `uid` = 999854 LIMIT 1   [ RunTime:0.0000s ]
SQL: SELECT `pay_time` FROM `ysk_trans` WHERE ( payin_id=999854 ) ORDER BY id LIMIT 1   [ RunTime:0.0000s ]
SQL: SELECT `pay_time` FROM `ysk_trans` WHERE ( payin_id=999854 ) ORDER BY id LIMIT 1   [ RunTime:0.0010s ]
SQL: SELECT `cangku_num`,`active_num`,`dt_jifen`,`paidan`,`red_integral` FROM `ysk_store` WHERE `uid` = 100499 LIMIT 1   [ RunTime:0.0000s ]
SQL: SELECT `cangku_num`,`active_num`,`dt_jifen`,`paidan`,`red_integral` FROM `ysk_store` WHERE `uid` = 525253 LIMIT 1   [ RunTime:0.0000s ]
SQL: SELECT `cangku_num`,`active_num`,`dt_jifen`,`paidan`,`red_integral` FROM `ysk_store` WHERE `uid` = 999854 LIMIT 1   [ RunTime:0.0010s ]
SQL: SELECT `auth_id` FROM `ysk_admin` WHERE `id` = 5 LIMIT 1   [ RunTime:0.0000s ]
INFO: [ view_parse ] --START--
INFO: [ template_filter ] --START--
INFO: Run Behavior\ContentReplaceBehavior [ RunTime:0.000000s ]
INFO: [ template_filter ] --END-- [ RunTime:0.000000s ]
NOTIC: [8] Undefined variable: meta_title E:\a1002\shop\Runtime\Cache\Admin\9a111d1ff7e1d627679d543589aa53f1.php 第 5 行.
NOTIC: [8] Undefined variable: _user_auth E:\a1002\shop\Runtime\Cache\Admin\9a111d1ff7e1d627679d543589aa53f1.php 第 78 行.
NOTIC: [8] Undefined index: date_start E:\a1002\shop\Runtime\Cache\Admin\9a111d1ff7e1d627679d543589aa53f1.php 第 159 行.
NOTIC: [8] Undefined index: date_end E:\a1002\shop\Runtime\Cache\Admin\9a111d1ff7e1d627679d543589aa53f1.php 第 162 行.
NOTIC: [8] Undefined index: keyword E:\a1002\shop\Runtime\Cache\Admin\9a111d1ff7e1d627679d543589aa53f1.php 第 175 行.
SQL: SHOW COLUMNS FROM `ysk_user` [ RunTime:0.0049s ]
SQL: SELECT `account` FROM `ysk_user` WHERE ( userid =525253 ) LIMIT 1   [ RunTime:0.0000s ]
SQL: SELECT `username` FROM `ysk_user` WHERE ( userid=525253 ) LIMIT 1   [ RunTime:0.0000s ]
SQL: SELECT COUNT(1) AS tp_count FROM `ysk_user` WHERE `pid` = 100499 LIMIT 1   [ RunTime:0.0000s ]
NOTIC: [8] Use of undefined constant shouyi - assumed 'shouyi' E:\a1002\shop\Runtime\Cache\Admin\9a111d1ff7e1d627679d543589aa53f1.php 第 262 行.
NOTIC: [8] Use of undefined constant shouyi - assumed 'shouyi' E:\a1002\shop\Runtime\Cache\Admin\9a111d1ff7e1d627679d543589aa53f1.php 第 262 行.
NOTIC: [8] Use of undefined constant shouyi - assumed 'shouyi' E:\a1002\shop\Runtime\Cache\Admin\9a111d1ff7e1d627679d543589aa53f1.php 第 262 行.
NOTIC: [8] Use of undefined constant forbid - assumed 'forbid' E:\a1002\shop\Runtime\Cache\Admin\9a111d1ff7e1d627679d543589aa53f1.php 第 284 行.
SQL: SELECT `account` FROM `ysk_user` WHERE ( userid =999854 ) LIMIT 1   [ RunTime:0.0000s ]
SQL: SELECT `username` FROM `ysk_user` WHERE ( userid=999854 ) LIMIT 1   [ RunTime:0.0000s ]
SQL: SELECT COUNT(1) AS tp_count FROM `ysk_user` WHERE `pid` = 525253 LIMIT 1   [ RunTime:0.0010s ]
NOTIC: [8] Use of undefined constant shouyi - assumed 'shouyi' E:\a1002\shop\Runtime\Cache\Admin\9a111d1ff7e1d627679d543589aa53f1.php 第 262 行.
NOTIC: [8] Use of undefined constant shouyi - assumed 'shouyi' E:\a1002\shop\Runtime\Cache\Admin\9a111d1ff7e1d627679d543589aa53f1.php 第 262 行.
NOTIC: [8] Use of undefined constant shouyi - assumed 'shouyi' E:\a1002\shop\Runtime\Cache\Admin\9a111d1ff7e1d627679d543589aa53f1.php 第 262 行.
NOTIC: [8] Use of undefined constant forbid - assumed 'forbid' E:\a1002\shop\Runtime\Cache\Admin\9a111d1ff7e1d627679d543589aa53f1.php 第 284 行.
SQL: SELECT `account` FROM `ysk_user` WHERE ( userid =0 ) LIMIT 1   [ RunTime:0.0000s ]
SQL: SELECT `username` FROM `ysk_user` WHERE ( userid=0 ) LIMIT 1   [ RunTime:0.0000s ]
SQL: SELECT COUNT(1) AS tp_count FROM `ysk_user` WHERE `pid` = 999854 LIMIT 1   [ RunTime:0.0010s ]
NOTIC: [8] Use of undefined constant shouyi - assumed 'shouyi' E:\a1002\shop\Runtime\Cache\Admin\9a111d1ff7e1d627679d543589aa53f1.php 第 262 行.
NOTIC: [8] Use of undefined constant shouyi - assumed 'shouyi' E:\a1002\shop\Runtime\Cache\Admin\9a111d1ff7e1d627679d543589aa53f1.php 第 262 行.
NOTIC: [8] Use of undefined constant shouyi - assumed 'shouyi' E:\a1002\shop\Runtime\Cache\Admin\9a111d1ff7e1d627679d543589aa53f1.php 第 262 行.
NOTIC: [8] Use of undefined constant forbid - assumed 'forbid' E:\a1002\shop\Runtime\Cache\Admin\9a111d1ff7e1d627679d543589aa53f1.php 第 284 行.
INFO: Run Behavior\ParseTemplateBehavior [ RunTime:0.022461s ]
INFO: [ view_parse ] --END-- [ RunTime:0.022461s ]
INFO: [ view_filter ] --START--
INFO: Run Behavior\WriteHtmlCacheBehavior [ RunTime:0.000000s ]
INFO: [ view_filter ] --END-- [ RunTime:0.000000s ]
INFO: [ app_end ] --START--
INFO: Run Behavior\ShowPageTraceBehavior [ RunTime:0.000976s ]
INFO: [ app_end ] --END-- [ RunTime:0.000976s ]

[ 2021-01-29T17:39:39+08:00 ] 127.0.0.1 /admin/User/index/type/1.html
INFO: [ app_init ] --START--
INFO: Run Behavior\BuildLiteBehavior [ RunTime:0.000000s ]
INFO: [ app_init ] --END-- [ RunTime:0.000000s ]
INFO: [ app_begin ] --START--
INFO: Run Behavior\ReadHtmlCacheBehavior [ RunTime:0.000000s ]
INFO: Run Common\Behavior\CheckLangBehavior [ RunTime:0.000977s ]
INFO: [ app_begin ] --END-- [ RunTime:0.001953s ]
NOTIC: [2] Declaration of Admin\Controller\UserController::setStatus($model = Admin\Controller\CONTROLLER_NAME) should be compatible with Admin\Controller\AdminController::setStatus($model = Admin\Controller\CONTROLLER_NAME, $script = false) E:\a1002\shop\Admin\Controller\UserController.class.php 第 10 行.
NOTIC: [8] Use of undefined constant MODEL_INSERT - assumed 'MODEL_INSERT' E:\a1002\ThinkPHP\Common\functions.php 第 588 行.
SQL: SHOW COLUMNS FROM `ysk_admin` [ RunTime:0.0049s ]
SQL: SHOW COLUMNS FROM `ysk_group` [ RunTime:0.0049s ]
SQL: SHOW COLUMNS FROM `ysk_menu` [ RunTime:0.0049s ]
SQL: SHOW COLUMNS FROM `ysk_admin` [ RunTime:0.0039s ]
SQL: SELECT `auth_id` FROM `ysk_admin` WHERE `id` = 5 LIMIT 1   [ RunTime:0.0000s ]
SQL: SELECT `pid`,`gid`,`name` FROM `ysk_menu` WHERE `col` = 'User' AND `status` = 1 AND `level` = 2 LIMIT 1   [ RunTime:0.0000s ]
SQL: SELECT `name` FROM `ysk_menu` WHERE `id` = 7 LIMIT 1   [ RunTime:0.0000s ]
SQL: SELECT `name` FROM `ysk_menu` WHERE `id` = 1 LIMIT 1   [ RunTime:0.0000s ]
SQL: SELECT `auth_id` FROM `ysk_admin` WHERE `id` = 5 LIMIT 1   [ RunTime:0.0000s ]
SQL: SELECT * FROM `ysk_menu` WHERE `status` = 1 AND `level` = 1 AND `gid` = 1 ORDER BY sort asc, id asc  [ RunTime:0.0000s ]
SQL: SELECT * FROM `ysk_menu` WHERE `status` = 1 AND `level` = 2 AND `gid` = 1 ORDER BY sort asc, id asc  [ RunTime:0.0000s ]
SQL: SELECT `auth_id` FROM `ysk_admin` WHERE `id` = 5 LIMIT 1   [ RunTime:0.0000s ]
SQL: SELECT * FROM `ysk_menu` WHERE `status` = 1 AND `level` = 0 ORDER BY sort asc, id asc  [ RunTime:0.0010s ]
SQL: SELECT `col`,`act` FROM `ysk_menu` WHERE `level` = 2 AND `gid` = 1 ORDER BY sort asc, id asc LIMIT 1   [ RunTime:0.0000s ]
SQL: SELECT COUNT(1) AS tp_count FROM `ysk_menu` WHERE `col` = 'User' AND `act` = 'index' LIMIT 1   [ RunTime:0.0000s ]
NOTIC: [8] Undefined variable: map E:\a1002\shop\Admin\Common\function.php 第 110 行.
NOTIC: [8] Undefined variable: level E:\a1002\shop\Admin\Controller\UserController.class.php 第 42 行.
SQL: SHOW COLUMNS FROM `ysk_user` [ RunTime:0.0049s ]
SQL: SELECT COUNT(1) AS tp_count FROM ysk_user a left JOIN ysk_store b on a.userid=b.uid  WHERE a.activate = 1 AND a.is_paidan = 1 LIMIT 1   [ RunTime:0.0000s ]
SQL: SELECT a.is_paidan,a.userid,a.username,a.email,a.activate,a.yinbi,a.account,a.mobile,a.reg_date,a.status,a.pid,b.cangku_num,b.dt_jifen,b.active_num,b.paidan,b.red_integral FROM ysk_user a left JOIN ysk_store b on a.userid=b.uid  WHERE a.activate = 1 AND a.is_paidan = 1 ORDER BY a.reg_date desc LIMIT 0,100   [ RunTime:0.0000s ]
SQL: SELECT `userid` FROM ysk_user a WHERE a.activate = 1 AND a.is_paidan = 1  [ RunTime:0.0010s ]
SQL: SHOW COLUMNS FROM `ysk_user` [ RunTime:0.0049s ]
NOTIC: [8] Undefined variable: data E:\a1002\shop\Admin\Controller\UserController.class.php 第 106 行.
SQL: SELECT COUNT(1) AS tp_count FROM `ysk_user` WHERE `pid` = null LIMIT 1   [ RunTime:0.0000s ]
SQL: SELECT COUNT(*) AS tp_count FROM `ysk_user` WHERE `pid` = 100499 LIMIT 1   [ RunTime:0.0000s ]
SQL: SELECT `userid`,`username` FROM `ysk_user` WHERE ( pid="100499" )  [ RunTime:0.0010s ]
SQL: SHOW COLUMNS FROM `ysk_store` [ RunTime:0.0039s ]
SQL: SELECT `total_revenue` FROM `ysk_store` WHERE `uid` = 100499 LIMIT 1   [ RunTime:0.0010s ]
SQL: SHOW COLUMNS FROM `ysk_trans` [ RunTime:0.0039s ]
SQL: SELECT `pay_time` FROM `ysk_trans` WHERE ( payin_id=100499 ) ORDER BY id LIMIT 1   [ RunTime:0.0000s ]
SQL: SELECT `pay_time` FROM `ysk_trans` WHERE ( payin_id=100499 ) ORDER BY id LIMIT 1   [ RunTime:0.0000s ]
NOTIC: [8] Undefined variable: data E:\a1002\shop\Admin\Controller\UserController.class.php 第 106 行.
SQL: SELECT COUNT(1) AS tp_count FROM `ysk_user` WHERE `pid` = null LIMIT 1   [ RunTime:0.0000s ]
SQL: SELECT COUNT(*) AS tp_count FROM `ysk_user` WHERE `pid` = 525253 LIMIT 1   [ RunTime:0.0000s ]
SQL: SELECT `userid`,`username` FROM `ysk_user` WHERE ( pid="525253" )  [ RunTime:0.0000s ]
SQL: SELECT `userid`,`username` FROM `ysk_user` WHERE ( pid="100499" )  [ RunTime:0.0000s ]
SQL: SELECT `total_revenue` FROM `ysk_store` WHERE `uid` = 525253 LIMIT 1   [ RunTime:0.0010s ]
SQL: SELECT `pay_time` FROM `ysk_trans` WHERE ( payin_id=525253 ) ORDER BY id LIMIT 1   [ RunTime:0.0000s ]
SQL: SELECT `pay_time` FROM `ysk_trans` WHERE ( payin_id=525253 ) ORDER BY id LIMIT 1   [ RunTime:0.0000s ]
NOTIC: [8] Undefined variable: data E:\a1002\shop\Admin\Controller\UserController.class.php 第 106 行.
SQL: SELECT COUNT(1) AS tp_count FROM `ysk_user` WHERE `pid` = null LIMIT 1   [ RunTime:0.0010s ]
SQL: SELECT COUNT(*) AS tp_count FROM `ysk_user` WHERE `pid` = 999854 LIMIT 1   [ RunTime:0.0000s ]
SQL: SELECT `userid`,`username` FROM `ysk_user` WHERE ( pid="999854" )  [ RunTime:0.0000s ]
SQL: SELECT `userid`,`username` FROM `ysk_user` WHERE ( pid="525253" )  [ RunTime:0.0000s ]
SQL: SELECT `userid`,`username` FROM `ysk_user` WHERE ( pid="100499" )  [ RunTime:0.0010s ]
SQL: SELECT `total_revenue` FROM `ysk_store` WHERE `uid` = 999854 LIMIT 1   [ RunTime:0.0000s ]
SQL: SELECT `pay_time` FROM `ysk_trans` WHERE ( payin_id=999854 ) ORDER BY id LIMIT 1   [ RunTime:0.0000s ]
SQL: SELECT `pay_time` FROM `ysk_trans` WHERE ( payin_id=999854 ) ORDER BY id LIMIT 1   [ RunTime:0.0010s ]
SQL: SELECT `cangku_num`,`active_num`,`dt_jifen`,`paidan`,`red_integral` FROM `ysk_store` WHERE `uid` = 100499 LIMIT 1   [ RunTime:0.0000s ]
SQL: SELECT `cangku_num`,`active_num`,`dt_jifen`,`paidan`,`red_integral` FROM `ysk_store` WHERE `uid` = 525253 LIMIT 1   [ RunTime:0.0000s ]
SQL: SELECT `cangku_num`,`active_num`,`dt_jifen`,`paidan`,`red_integral` FROM `ysk_store` WHERE `uid` = 999854 LIMIT 1   [ RunTime:0.0010s ]
SQL: SELECT `auth_id` FROM `ysk_admin` WHERE `id` = 5 LIMIT 1   [ RunTime:0.0000s ]
INFO: [ view_parse ] --START--
INFO: [ template_filter ] --START--
INFO: Run Behavior\ContentReplaceBehavior [ RunTime:0.000000s ]
INFO: [ template_filter ] --END-- [ RunTime:0.000000s ]
NOTIC: [8] Undefined variable: meta_title E:\a1002\shop\Runtime\Cache\Admin\9a111d1ff7e1d627679d543589aa53f1.php 第 5 行.
NOTIC: [8] Undefined variable: _user_auth E:\a1002\shop\Runtime\Cache\Admin\9a111d1ff7e1d627679d543589aa53f1.php 第 78 行.
NOTIC: [8] Undefined index: date_start E:\a1002\shop\Runtime\Cache\Admin\9a111d1ff7e1d627679d543589aa53f1.php 第 159 行.
NOTIC: [8] Undefined index: date_end E:\a1002\shop\Runtime\Cache\Admin\9a111d1ff7e1d627679d543589aa53f1.php 第 162 行.
NOTIC: [8] Undefined index: keyword E:\a1002\shop\Runtime\Cache\Admin\9a111d1ff7e1d627679d543589aa53f1.php 第 175 行.
SQL: SHOW COLUMNS FROM `ysk_user` [ RunTime:0.0049s ]
SQL: SELECT `account` FROM `ysk_user` WHERE ( userid =525253 ) LIMIT 1   [ RunTime:0.0000s ]
SQL: SELECT `username` FROM `ysk_user` WHERE ( userid=525253 ) LIMIT 1   [ RunTime:0.0000s ]
SQL: SELECT COUNT(1) AS tp_count FROM `ysk_user` WHERE `pid` = 100499 LIMIT 1   [ RunTime:0.0010s ]
NOTIC: [8] Use of undefined constant shouyi - assumed 'shouyi' E:\a1002\shop\Runtime\Cache\Admin\9a111d1ff7e1d627679d543589aa53f1.php 第 262 行.
NOTIC: [8] Use of undefined constant shouyi - assumed 'shouyi' E:\a1002\shop\Runtime\Cache\Admin\9a111d1ff7e1d627679d543589aa53f1.php 第 262 行.
NOTIC: [8] Use of undefined constant shouyi - assumed 'shouyi' E:\a1002\shop\Runtime\Cache\Admin\9a111d1ff7e1d627679d543589aa53f1.php 第 262 行.
NOTIC: [8] Use of undefined constant forbid - assumed 'forbid' E:\a1002\shop\Runtime\Cache\Admin\9a111d1ff7e1d627679d543589aa53f1.php 第 284 行.
SQL: SELECT `account` FROM `ysk_user` WHERE ( userid =999854 ) LIMIT 1   [ RunTime:0.0000s ]
SQL: SELECT `username` FROM `ysk_user` WHERE ( userid=999854 ) LIMIT 1   [ RunTime:0.0010s ]
SQL: SELECT COUNT(1) AS tp_count FROM `ysk_user` WHERE `pid` = 525253 LIMIT 1   [ RunTime:0.0000s ]
NOTIC: [8] Use of undefined constant shouyi - assumed 'shouyi' E:\a1002\shop\Runtime\Cache\Admin\9a111d1ff7e1d627679d543589aa53f1.php 第 262 行.
NOTIC: [8] Use of undefined constant shouyi - assumed 'shouyi' E:\a1002\shop\Runtime\Cache\Admin\9a111d1ff7e1d627679d543589aa53f1.php 第 262 行.
NOTIC: [8] Use of undefined constant shouyi - assumed 'shouyi' E:\a1002\shop\Runtime\Cache\Admin\9a111d1ff7e1d627679d543589aa53f1.php 第 262 行.
NOTIC: [8] Use of undefined constant forbid - assumed 'forbid' E:\a1002\shop\Runtime\Cache\Admin\9a111d1ff7e1d627679d543589aa53f1.php 第 284 行.
SQL: SELECT `account` FROM `ysk_user` WHERE ( userid =0 ) LIMIT 1   [ RunTime:0.0000s ]
SQL: SELECT `username` FROM `ysk_user` WHERE ( userid=0 ) LIMIT 1   [ RunTime:0.0010s ]
SQL: SELECT COUNT(1) AS tp_count FROM `ysk_user` WHERE `pid` = 999854 LIMIT 1   [ RunTime:0.0000s ]
NOTIC: [8] Use of undefined constant shouyi - assumed 'shouyi' E:\a1002\shop\Runtime\Cache\Admin\9a111d1ff7e1d627679d543589aa53f1.php 第 262 行.
NOTIC: [8] Use of undefined constant shouyi - assumed 'shouyi' E:\a1002\shop\Runtime\Cache\Admin\9a111d1ff7e1d627679d543589aa53f1.php 第 262 行.
NOTIC: [8] Use of undefined constant shouyi - assumed 'shouyi' E:\a1002\shop\Runtime\Cache\Admin\9a111d1ff7e1d627679d543589aa53f1.php 第 262 行.
NOTIC: [8] Use of undefined constant forbid - assumed 'forbid' E:\a1002\shop\Runtime\Cache\Admin\9a111d1ff7e1d627679d543589aa53f1.php 第 284 行.
INFO: Run Behavior\ParseTemplateBehavior [ RunTime:0.022461s ]
INFO: [ view_parse ] --END-- [ RunTime:0.022461s ]
INFO: [ view_filter ] --START--
INFO: Run Behavior\WriteHtmlCacheBehavior [ RunTime:0.000977s ]
INFO: [ view_filter ] --END-- [ RunTime:0.000977s ]
INFO: [ app_end ] --START--
INFO: Run Behavior\ShowPageTraceBehavior [ RunTime:0.000000s ]
INFO: [ app_end ] --END-- [ RunTime:0.000000s ]

